{"C:\\Users\\BOSS\\dev\\stellar-burgers\\src\\slices\\mockData.ts": {"path":"C:\\Users\\BOSS\\dev\\stellar-burgers\\src\\slices\\mockData.ts","all":false,"statementMap":{"0":{"start":{"line":1,"column":0},"end":{"line":1,"column":26}},"1":{"start":{"line":2,"column":0},"end":{"line":2,"column":16}},"2":{"start":{"line":3,"column":0},"end":{"line":3,"column":5}},"3":{"start":{"line":4,"column":0},"end":{"line":4,"column":38}},"4":{"start":{"line":5,"column":0},"end":{"line":5,"column":41}},"5":{"start":{"line":6,"column":0},"end":{"line":6,"column":18}},"6":{"start":{"line":7,"column":0},"end":{"line":7,"column":19}},"7":{"start":{"line":8,"column":0},"end":{"line":8,"column":14}},"8":{"start":{"line":9,"column":0},"end":{"line":9,"column":24}},"9":{"start":{"line":10,"column":0},"end":{"line":10,"column":20}},"10":{"start":{"line":11,"column":0},"end":{"line":11,"column":17}},"11":{"start":{"line":12,"column":0},"end":{"line":12,"column":64}},"12":{"start":{"line":13,"column":0},"end":{"line":13,"column":78}},"13":{"start":{"line":14,"column":0},"end":{"line":14,"column":75}},"14":{"start":{"line":15,"column":0},"end":{"line":15,"column":6}},"15":{"start":{"line":16,"column":0},"end":{"line":16,"column":5}},"16":{"start":{"line":17,"column":0},"end":{"line":17,"column":38}},"17":{"start":{"line":18,"column":0},"end":{"line":18,"column":42}},"18":{"start":{"line":19,"column":0},"end":{"line":19,"column":19}},"19":{"start":{"line":20,"column":0},"end":{"line":20,"column":20}},"20":{"start":{"line":21,"column":0},"end":{"line":21,"column":15}},"21":{"start":{"line":22,"column":0},"end":{"line":22,"column":25}},"22":{"start":{"line":23,"column":0},"end":{"line":23,"column":21}},"23":{"start":{"line":24,"column":0},"end":{"line":24,"column":18}},"24":{"start":{"line":25,"column":0},"end":{"line":25,"column":65}},"25":{"start":{"line":26,"column":0},"end":{"line":26,"column":79}},"26":{"start":{"line":27,"column":0},"end":{"line":27,"column":76}},"27":{"start":{"line":28,"column":0},"end":{"line":28,"column":5}},"28":{"start":{"line":29,"column":0},"end":{"line":29,"column":4}},"29":{"start":{"line":30,"column":0},"end":{"line":30,"column":17}},"30":{"start":{"line":31,"column":0},"end":{"line":31,"column":19}},"31":{"start":{"line":32,"column":0},"end":{"line":32,"column":42}},"32":{"start":{"line":33,"column":0},"end":{"line":33,"column":36}},"33":{"start":{"line":34,"column":0},"end":{"line":34,"column":19}},"34":{"start":{"line":35,"column":0},"end":{"line":35,"column":46}},"35":{"start":{"line":36,"column":0},"end":{"line":36,"column":42}},"36":{"start":{"line":37,"column":0},"end":{"line":37,"column":42}},"37":{"start":{"line":38,"column":0},"end":{"line":38,"column":17}},"38":{"start":{"line":39,"column":0},"end":{"line":39,"column":4}},"39":{"start":{"line":40,"column":0},"end":{"line":40,"column":21}},"40":{"start":{"line":41,"column":0},"end":{"line":41,"column":10}},"41":{"start":{"line":42,"column":0},"end":{"line":42,"column":38}},"42":{"start":{"line":43,"column":0},"end":{"line":43,"column":41}},"43":{"start":{"line":44,"column":0},"end":{"line":44,"column":18}},"44":{"start":{"line":45,"column":0},"end":{"line":45,"column":19}},"45":{"start":{"line":46,"column":0},"end":{"line":46,"column":14}},"46":{"start":{"line":47,"column":0},"end":{"line":47,"column":24}},"47":{"start":{"line":48,"column":0},"end":{"line":48,"column":20}},"48":{"start":{"line":49,"column":0},"end":{"line":49,"column":17}},"49":{"start":{"line":50,"column":0},"end":{"line":50,"column":64}},"50":{"start":{"line":51,"column":0},"end":{"line":51,"column":78}},"51":{"start":{"line":52,"column":0},"end":{"line":52,"column":75}},"52":{"start":{"line":53,"column":0},"end":{"line":53,"column":6}},"53":{"start":{"line":54,"column":0},"end":{"line":54,"column":18}},"54":{"start":{"line":55,"column":0},"end":{"line":55,"column":7}},"55":{"start":{"line":56,"column":0},"end":{"line":56,"column":40}},"56":{"start":{"line":57,"column":0},"end":{"line":57,"column":44}},"57":{"start":{"line":58,"column":0},"end":{"line":58,"column":21}},"58":{"start":{"line":59,"column":0},"end":{"line":59,"column":22}},"59":{"start":{"line":60,"column":0},"end":{"line":60,"column":17}},"60":{"start":{"line":61,"column":0},"end":{"line":61,"column":27}},"61":{"start":{"line":62,"column":0},"end":{"line":62,"column":23}},"62":{"start":{"line":63,"column":0},"end":{"line":63,"column":20}},"63":{"start":{"line":64,"column":0},"end":{"line":64,"column":67}},"64":{"start":{"line":65,"column":0},"end":{"line":65,"column":21}},"65":{"start":{"line":66,"column":0},"end":{"line":66,"column":69}},"66":{"start":{"line":67,"column":0},"end":{"line":67,"column":79}},"67":{"start":{"line":68,"column":0},"end":{"line":68,"column":26}},"68":{"start":{"line":69,"column":0},"end":{"line":69,"column":8}},"69":{"start":{"line":70,"column":0},"end":{"line":70,"column":7}},"70":{"start":{"line":71,"column":0},"end":{"line":71,"column":40}},"71":{"start":{"line":72,"column":0},"end":{"line":72,"column":44}},"72":{"start":{"line":73,"column":0},"end":{"line":73,"column":21}},"73":{"start":{"line":74,"column":0},"end":{"line":74,"column":22}},"74":{"start":{"line":75,"column":0},"end":{"line":75,"column":17}},"75":{"start":{"line":76,"column":0},"end":{"line":76,"column":27}},"76":{"start":{"line":77,"column":0},"end":{"line":77,"column":23}},"77":{"start":{"line":78,"column":0},"end":{"line":78,"column":20}},"78":{"start":{"line":79,"column":0},"end":{"line":79,"column":67}},"79":{"start":{"line":80,"column":0},"end":{"line":80,"column":21}},"80":{"start":{"line":81,"column":0},"end":{"line":81,"column":69}},"81":{"start":{"line":82,"column":0},"end":{"line":82,"column":79}},"82":{"start":{"line":83,"column":0},"end":{"line":83,"column":26}},"83":{"start":{"line":84,"column":0},"end":{"line":84,"column":8}},"84":{"start":{"line":85,"column":0},"end":{"line":85,"column":7}},"85":{"start":{"line":86,"column":0},"end":{"line":86,"column":40}},"86":{"start":{"line":87,"column":0},"end":{"line":87,"column":44}},"87":{"start":{"line":88,"column":0},"end":{"line":88,"column":21}},"88":{"start":{"line":89,"column":0},"end":{"line":89,"column":22}},"89":{"start":{"line":90,"column":0},"end":{"line":90,"column":17}},"90":{"start":{"line":91,"column":0},"end":{"line":91,"column":27}},"91":{"start":{"line":92,"column":0},"end":{"line":92,"column":23}},"92":{"start":{"line":93,"column":0},"end":{"line":93,"column":20}},"93":{"start":{"line":94,"column":0},"end":{"line":94,"column":67}},"94":{"start":{"line":95,"column":0},"end":{"line":95,"column":21}},"95":{"start":{"line":96,"column":0},"end":{"line":96,"column":69}},"96":{"start":{"line":97,"column":0},"end":{"line":97,"column":79}},"97":{"start":{"line":98,"column":0},"end":{"line":98,"column":26}},"98":{"start":{"line":99,"column":0},"end":{"line":99,"column":7}},"99":{"start":{"line":100,"column":0},"end":{"line":100,"column":5}},"100":{"start":{"line":101,"column":0},"end":{"line":101,"column":4}},"101":{"start":{"line":102,"column":0},"end":{"line":102,"column":22}},"102":{"start":{"line":103,"column":0},"end":{"line":103,"column":9}},"103":{"start":{"line":104,"column":0},"end":{"line":104,"column":21}},"104":{"start":{"line":105,"column":0},"end":{"line":105,"column":27}},"105":{"start":{"line":106,"column":0},"end":{"line":106,"column":4}},"106":{"start":{"line":107,"column":0},"end":{"line":107,"column":11}},"107":{"start":{"line":108,"column":0},"end":{"line":108,"column":5}},"108":{"start":{"line":109,"column":0},"end":{"line":109,"column":38}},"109":{"start":{"line":110,"column":0},"end":{"line":110,"column":20}},"110":{"start":{"line":111,"column":0},"end":{"line":111,"column":35}},"111":{"start":{"line":112,"column":0},"end":{"line":112,"column":35}},"112":{"start":{"line":113,"column":0},"end":{"line":113,"column":35}},"113":{"start":{"line":114,"column":0},"end":{"line":114,"column":35}},"114":{"start":{"line":115,"column":0},"end":{"line":115,"column":34}},"115":{"start":{"line":116,"column":0},"end":{"line":116,"column":8}},"116":{"start":{"line":117,"column":0},"end":{"line":117,"column":21}},"117":{"start":{"line":118,"column":0},"end":{"line":118,"column":48}},"118":{"start":{"line":119,"column":0},"end":{"line":119,"column":44}},"119":{"start":{"line":120,"column":0},"end":{"line":120,"column":44}},"120":{"start":{"line":121,"column":0},"end":{"line":121,"column":19}},"121":{"start":{"line":122,"column":0},"end":{"line":122,"column":6}},"122":{"start":{"line":123,"column":0},"end":{"line":123,"column":5}},"123":{"start":{"line":124,"column":0},"end":{"line":124,"column":38}},"124":{"start":{"line":125,"column":0},"end":{"line":125,"column":20}},"125":{"start":{"line":126,"column":0},"end":{"line":126,"column":35}},"126":{"start":{"line":127,"column":0},"end":{"line":127,"column":35}},"127":{"start":{"line":128,"column":0},"end":{"line":128,"column":35}},"128":{"start":{"line":129,"column":0},"end":{"line":129,"column":35}},"129":{"start":{"line":130,"column":0},"end":{"line":130,"column":35}},"130":{"start":{"line":131,"column":0},"end":{"line":131,"column":35}},"131":{"start":{"line":132,"column":0},"end":{"line":132,"column":34}},"132":{"start":{"line":133,"column":0},"end":{"line":133,"column":8}},"133":{"start":{"line":134,"column":0},"end":{"line":134,"column":21}},"134":{"start":{"line":135,"column":0},"end":{"line":135,"column":85}},"135":{"start":{"line":136,"column":0},"end":{"line":136,"column":44}},"136":{"start":{"line":137,"column":0},"end":{"line":137,"column":44}},"137":{"start":{"line":138,"column":0},"end":{"line":138,"column":19}},"138":{"start":{"line":139,"column":0},"end":{"line":139,"column":5}},"139":{"start":{"line":140,"column":0},"end":{"line":140,"column":4}},"140":{"start":{"line":141,"column":0},"end":{"line":141,"column":21}},"141":{"start":{"line":142,"column":0},"end":{"line":142,"column":18}},"142":{"start":{"line":143,"column":0},"end":{"line":143,"column":15}},"143":{"start":{"line":144,"column":0},"end":{"line":144,"column":5}},"144":{"start":{"line":145,"column":0},"end":{"line":145,"column":38}},"145":{"start":{"line":146,"column":0},"end":{"line":146,"column":20}},"146":{"start":{"line":147,"column":0},"end":{"line":147,"column":35}},"147":{"start":{"line":148,"column":0},"end":{"line":148,"column":35}},"148":{"start":{"line":149,"column":0},"end":{"line":149,"column":34}},"149":{"start":{"line":150,"column":0},"end":{"line":150,"column":8}},"150":{"start":{"line":151,"column":0},"end":{"line":151,"column":21}},"151":{"start":{"line":152,"column":0},"end":{"line":152,"column":47}},"152":{"start":{"line":153,"column":0},"end":{"line":153,"column":44}},"153":{"start":{"line":154,"column":0},"end":{"line":154,"column":44}},"154":{"start":{"line":155,"column":0},"end":{"line":155,"column":19}},"155":{"start":{"line":156,"column":0},"end":{"line":156,"column":6}},"156":{"start":{"line":157,"column":0},"end":{"line":157,"column":5}},"157":{"start":{"line":158,"column":0},"end":{"line":158,"column":38}},"158":{"start":{"line":159,"column":0},"end":{"line":159,"column":20}},"159":{"start":{"line":160,"column":0},"end":{"line":160,"column":35}},"160":{"start":{"line":161,"column":0},"end":{"line":161,"column":35}},"161":{"start":{"line":162,"column":0},"end":{"line":162,"column":35}},"162":{"start":{"line":163,"column":0},"end":{"line":163,"column":35}},"163":{"start":{"line":164,"column":0},"end":{"line":164,"column":34}},"164":{"start":{"line":165,"column":0},"end":{"line":165,"column":8}},"165":{"start":{"line":166,"column":0},"end":{"line":166,"column":21}},"166":{"start":{"line":167,"column":0},"end":{"line":167,"column":69}},"167":{"start":{"line":168,"column":0},"end":{"line":168,"column":44}},"168":{"start":{"line":169,"column":0},"end":{"line":169,"column":44}},"169":{"start":{"line":170,"column":0},"end":{"line":170,"column":19}},"170":{"start":{"line":171,"column":0},"end":{"line":171,"column":5}},"171":{"start":{"line":172,"column":0},"end":{"line":172,"column":4}},"172":{"start":{"line":173,"column":0},"end":{"line":173,"column":24}},"173":{"start":{"line":174,"column":0},"end":{"line":174,"column":16}},"174":{"start":{"line":175,"column":0},"end":{"line":175,"column":23}},"175":{"start":{"line":176,"column":0},"end":{"line":176,"column":32}},"176":{"start":{"line":177,"column":0},"end":{"line":177,"column":2}},"177":{"start":{"line":178,"column":0},"end":{"line":178,"column":0}},"178":{"start":{"line":179,"column":0},"end":{"line":179,"column":31}},"179":{"start":{"line":180,"column":0},"end":{"line":180,"column":34}},"180":{"start":{"line":181,"column":0},"end":{"line":181,"column":38}},"181":{"start":{"line":182,"column":0},"end":{"line":182,"column":15}},"182":{"start":{"line":183,"column":0},"end":{"line":183,"column":16}},"183":{"start":{"line":184,"column":0},"end":{"line":184,"column":11}},"184":{"start":{"line":185,"column":0},"end":{"line":185,"column":21}},"185":{"start":{"line":186,"column":0},"end":{"line":186,"column":17}},"186":{"start":{"line":187,"column":0},"end":{"line":187,"column":14}},"187":{"start":{"line":188,"column":0},"end":{"line":188,"column":61}},"188":{"start":{"line":189,"column":0},"end":{"line":189,"column":75}},"189":{"start":{"line":190,"column":0},"end":{"line":190,"column":73}},"190":{"start":{"line":191,"column":0},"end":{"line":191,"column":17}},"191":{"start":{"line":192,"column":0},"end":{"line":192,"column":2}},"192":{"start":{"line":193,"column":0},"end":{"line":193,"column":0}},"193":{"start":{"line":194,"column":0},"end":{"line":194,"column":24}},"194":{"start":{"line":195,"column":0},"end":{"line":195,"column":34}},"195":{"start":{"line":196,"column":0},"end":{"line":196,"column":37}},"196":{"start":{"line":197,"column":0},"end":{"line":197,"column":14}},"197":{"start":{"line":198,"column":0},"end":{"line":198,"column":15}},"198":{"start":{"line":199,"column":0},"end":{"line":199,"column":10}},"199":{"start":{"line":200,"column":0},"end":{"line":200,"column":20}},"200":{"start":{"line":201,"column":0},"end":{"line":201,"column":16}},"201":{"start":{"line":202,"column":0},"end":{"line":202,"column":13}},"202":{"start":{"line":203,"column":0},"end":{"line":203,"column":60}},"203":{"start":{"line":204,"column":0},"end":{"line":204,"column":74}},"204":{"start":{"line":205,"column":0},"end":{"line":205,"column":72}},"205":{"start":{"line":206,"column":0},"end":{"line":206,"column":19}},"206":{"start":{"line":207,"column":0},"end":{"line":207,"column":2}}},"s":{"0":1,"1":1,"2":1,"3":1,"4":1,"5":1,"6":1,"7":1,"8":1,"9":1,"10":1,"11":1,"12":1,"13":1,"14":1,"15":1,"16":1,"17":1,"18":1,"19":1,"20":1,"21":1,"22":1,"23":1,"24":1,"25":1,"26":1,"27":1,"28":1,"29":1,"30":1,"31":1,"32":1,"33":1,"34":1,"35":1,"36":1,"37":1,"38":1,"39":1,"40":1,"41":1,"42":1,"43":1,"44":1,"45":1,"46":1,"47":1,"48":1,"49":1,"50":1,"51":1,"52":1,"53":1,"54":1,"55":1,"56":1,"57":1,"58":1,"59":1,"60":1,"61":1,"62":1,"63":1,"64":1,"65":1,"66":1,"67":1,"68":1,"69":1,"70":1,"71":1,"72":1,"73":1,"74":1,"75":1,"76":1,"77":1,"78":1,"79":1,"80":1,"81":1,"82":1,"83":1,"84":1,"85":1,"86":1,"87":1,"88":1,"89":1,"90":1,"91":1,"92":1,"93":1,"94":1,"95":1,"96":1,"97":1,"98":1,"99":1,"100":1,"101":1,"102":1,"103":1,"104":1,"105":1,"106":1,"107":1,"108":1,"109":1,"110":1,"111":1,"112":1,"113":1,"114":1,"115":1,"116":1,"117":1,"118":1,"119":1,"120":1,"121":1,"122":1,"123":1,"124":1,"125":1,"126":1,"127":1,"128":1,"129":1,"130":1,"131":1,"132":1,"133":1,"134":1,"135":1,"136":1,"137":1,"138":1,"139":1,"140":1,"141":1,"142":1,"143":1,"144":1,"145":1,"146":1,"147":1,"148":1,"149":1,"150":1,"151":1,"152":1,"153":1,"154":1,"155":1,"156":1,"157":1,"158":1,"159":1,"160":1,"161":1,"162":1,"163":1,"164":1,"165":1,"166":1,"167":1,"168":1,"169":1,"170":1,"171":1,"172":1,"173":1,"174":1,"175":1,"176":1,"177":1,"178":1,"179":1,"180":1,"181":1,"182":1,"183":1,"184":1,"185":1,"186":1,"187":1,"188":1,"189":1,"190":1,"191":1,"192":1,"193":1,"194":1,"195":1,"196":1,"197":1,"198":1,"199":1,"200":1,"201":1,"202":1,"203":1,"204":1,"205":1,"206":1},"branchMap":{},"b":{},"fnMap":{},"f":{}}
,"C:\\Users\\BOSS\\dev\\stellar-burgers\\src\\slices\\stellar-burger-slice.ts": {"path":"C:\\Users\\BOSS\\dev\\stellar-burgers\\src\\slices\\stellar-burger-slice.ts","all":false,"statementMap":{"0":{"start":{"line":1,"column":0},"end":{"line":1,"column":8}},"1":{"start":{"line":2,"column":0},"end":{"line":2,"column":14}},"2":{"start":{"line":3,"column":0},"end":{"line":3,"column":20}},"3":{"start":{"line":4,"column":0},"end":{"line":4,"column":15}},"4":{"start":{"line":5,"column":0},"end":{"line":5,"column":13}},"5":{"start":{"line":6,"column":0},"end":{"line":6,"column":15}},"6":{"start":{"line":7,"column":0},"end":{"line":7,"column":12}},"7":{"start":{"line":8,"column":0},"end":{"line":8,"column":17}},"8":{"start":{"line":9,"column":0},"end":{"line":9,"column":18}},"9":{"start":{"line":10,"column":0},"end":{"line":10,"column":13}},"10":{"start":{"line":11,"column":0},"end":{"line":11,"column":16}},"11":{"start":{"line":12,"column":0},"end":{"line":12,"column":15}},"12":{"start":{"line":13,"column":0},"end":{"line":13,"column":29}},"13":{"start":{"line":14,"column":0},"end":{"line":14,"column":80}},"14":{"start":{"line":15,"column":0},"end":{"line":15,"column":8}},"15":{"start":{"line":16,"column":0},"end":{"line":16,"column":25}},"16":{"start":{"line":17,"column":0},"end":{"line":17,"column":14}},"17":{"start":{"line":18,"column":0},"end":{"line":18,"column":9}},"18":{"start":{"line":19,"column":0},"end":{"line":19,"column":7}},"19":{"start":{"line":20,"column":0},"end":{"line":20,"column":22}},"20":{"start":{"line":21,"column":0},"end":{"line":21,"column":58}},"21":{"start":{"line":22,"column":0},"end":{"line":22,"column":36}},"22":{"start":{"line":23,"column":0},"end":{"line":23,"column":0}},"23":{"start":{"line":24,"column":0},"end":{"line":24,"column":16}},"24":{"start":{"line":25,"column":0},"end":{"line":25,"column":26}},"25":{"start":{"line":26,"column":0},"end":{"line":26,"column":5}},"26":{"start":{"line":27,"column":0},"end":{"line":27,"column":0}},"27":{"start":{"line":28,"column":0},"end":{"line":28,"column":33}},"28":{"start":{"line":29,"column":0},"end":{"line":29,"column":26}},"29":{"start":{"line":30,"column":0},"end":{"line":30,"column":40}},"30":{"start":{"line":31,"column":0},"end":{"line":31,"column":2}},"31":{"start":{"line":32,"column":0},"end":{"line":32,"column":0}},"32":{"start":{"line":33,"column":0},"end":{"line":33,"column":22}},"33":{"start":{"line":34,"column":0},"end":{"line":34,"column":57}},"34":{"start":{"line":35,"column":0},"end":{"line":35,"column":36}},"35":{"start":{"line":36,"column":0},"end":{"line":36,"column":69}},"36":{"start":{"line":37,"column":0},"end":{"line":37,"column":76}},"37":{"start":{"line":38,"column":0},"end":{"line":38,"column":59}},"38":{"start":{"line":39,"column":0},"end":{"line":39,"column":37}},"39":{"start":{"line":40,"column":0},"end":{"line":40,"column":42}},"40":{"start":{"line":41,"column":0},"end":{"line":41,"column":50}},"41":{"start":{"line":42,"column":0},"end":{"line":42,"column":55}},"42":{"start":{"line":43,"column":0},"end":{"line":43,"column":53}},"43":{"start":{"line":44,"column":0},"end":{"line":44,"column":63}},"44":{"start":{"line":45,"column":0},"end":{"line":45,"column":51}},"45":{"start":{"line":46,"column":0},"end":{"line":46,"column":58}},"46":{"start":{"line":47,"column":0},"end":{"line":47,"column":36}},"47":{"start":{"line":48,"column":0},"end":{"line":48,"column":2}},"48":{"start":{"line":49,"column":0},"end":{"line":49,"column":0}},"49":{"start":{"line":50,"column":0},"end":{"line":50,"column":44}},"50":{"start":{"line":51,"column":0},"end":{"line":51,"column":18}},"51":{"start":{"line":52,"column":0},"end":{"line":52,"column":17}},"52":{"start":{"line":53,"column":0},"end":{"line":53,"column":23}},"53":{"start":{"line":54,"column":0},"end":{"line":54,"column":21}},"54":{"start":{"line":55,"column":0},"end":{"line":55,"column":14}},"55":{"start":{"line":56,"column":0},"end":{"line":56,"column":19}},"56":{"start":{"line":57,"column":0},"end":{"line":57,"column":4}},"57":{"start":{"line":58,"column":0},"end":{"line":58,"column":22}},"58":{"start":{"line":59,"column":0},"end":{"line":59,"column":9}},"59":{"start":{"line":60,"column":0},"end":{"line":60,"column":13}},"60":{"start":{"line":61,"column":0},"end":{"line":61,"column":13}},"61":{"start":{"line":62,"column":0},"end":{"line":62,"column":4}},"62":{"start":{"line":63,"column":0},"end":{"line":63,"column":13}},"63":{"start":{"line":64,"column":0},"end":{"line":64,"column":17}},"64":{"start":{"line":65,"column":0},"end":{"line":65,"column":17}},"65":{"start":{"line":66,"column":0},"end":{"line":66,"column":19}},"66":{"start":{"line":67,"column":0},"end":{"line":67,"column":25}},"67":{"start":{"line":68,"column":0},"end":{"line":68,"column":16}},"68":{"start":{"line":69,"column":0},"end":{"line":69,"column":23}},"69":{"start":{"line":70,"column":0},"end":{"line":70,"column":15}},"70":{"start":{"line":71,"column":0},"end":{"line":71,"column":2}},"71":{"start":{"line":72,"column":0},"end":{"line":72,"column":0}},"72":{"start":{"line":73,"column":0},"end":{"line":73,"column":44}},"73":{"start":{"line":74,"column":0},"end":{"line":74,"column":66}},"74":{"start":{"line":75,"column":0},"end":{"line":75,"column":38}},"75":{"start":{"line":76,"column":0},"end":{"line":76,"column":12}},"76":{"start":{"line":77,"column":0},"end":{"line":77,"column":18}},"77":{"start":{"line":78,"column":0},"end":{"line":78,"column":40}},"78":{"start":{"line":79,"column":0},"end":{"line":79,"column":3}},"79":{"start":{"line":80,"column":0},"end":{"line":80,"column":3}},"80":{"start":{"line":81,"column":0},"end":{"line":81,"column":0}},"81":{"start":{"line":82,"column":0},"end":{"line":82,"column":40}},"82":{"start":{"line":83,"column":0},"end":{"line":83,"column":24}},"83":{"start":{"line":84,"column":0},"end":{"line":84,"column":15}},"84":{"start":{"line":85,"column":0},"end":{"line":85,"column":13}},"85":{"start":{"line":86,"column":0},"end":{"line":86,"column":79}},"86":{"start":{"line":87,"column":0},"end":{"line":87,"column":42}},"87":{"start":{"line":88,"column":0},"end":{"line":88,"column":73}},"88":{"start":{"line":89,"column":0},"end":{"line":89,"column":14}},"89":{"start":{"line":90,"column":0},"end":{"line":90,"column":49}},"90":{"start":{"line":91,"column":0},"end":{"line":91,"column":28}},"91":{"start":{"line":92,"column":0},"end":{"line":92,"column":59}},"92":{"start":{"line":93,"column":0},"end":{"line":93,"column":11}},"93":{"start":{"line":94,"column":0},"end":{"line":94,"column":7}},"94":{"start":{"line":95,"column":0},"end":{"line":95,"column":6}},"95":{"start":{"line":96,"column":0},"end":{"line":96,"column":31}},"96":{"start":{"line":97,"column":0},"end":{"line":97,"column":30}},"97":{"start":{"line":98,"column":0},"end":{"line":98,"column":60}},"98":{"start":{"line":99,"column":0},"end":{"line":99,"column":68}},"99":{"start":{"line":100,"column":0},"end":{"line":100,"column":32}},"100":{"start":{"line":101,"column":0},"end":{"line":101,"column":18}},"101":{"start":{"line":102,"column":0},"end":{"line":102,"column":46}},"102":{"start":{"line":103,"column":0},"end":{"line":103,"column":8}},"103":{"start":{"line":104,"column":0},"end":{"line":104,"column":6}},"104":{"start":{"line":105,"column":0},"end":{"line":105,"column":22}},"105":{"start":{"line":106,"column":0},"end":{"line":106,"column":25}},"106":{"start":{"line":107,"column":0},"end":{"line":107,"column":56}},"107":{"start":{"line":108,"column":0},"end":{"line":108,"column":6}},"108":{"start":{"line":109,"column":0},"end":{"line":109,"column":35}},"109":{"start":{"line":110,"column":0},"end":{"line":110,"column":29}},"110":{"start":{"line":111,"column":0},"end":{"line":111,"column":30}},"111":{"start":{"line":112,"column":0},"end":{"line":112,"column":6}},"112":{"start":{"line":113,"column":0},"end":{"line":113,"column":30}},"113":{"start":{"line":114,"column":0},"end":{"line":114,"column":17}},"114":{"start":{"line":115,"column":0},"end":{"line":115,"column":26}},"115":{"start":{"line":116,"column":0},"end":{"line":116,"column":6}},"116":{"start":{"line":117,"column":0},"end":{"line":117,"column":30}},"117":{"start":{"line":118,"column":0},"end":{"line":118,"column":22}},"118":{"start":{"line":119,"column":0},"end":{"line":119,"column":33}},"119":{"start":{"line":120,"column":0},"end":{"line":120,"column":6}},"120":{"start":{"line":121,"column":0},"end":{"line":121,"column":30}},"121":{"start":{"line":122,"column":0},"end":{"line":122,"column":23}},"122":{"start":{"line":123,"column":0},"end":{"line":123,"column":34}},"123":{"start":{"line":124,"column":0},"end":{"line":124,"column":6}},"124":{"start":{"line":125,"column":0},"end":{"line":125,"column":26}},"125":{"start":{"line":126,"column":0},"end":{"line":126,"column":76}},"126":{"start":{"line":127,"column":0},"end":{"line":127,"column":75}},"127":{"start":{"line":128,"column":0},"end":{"line":128,"column":47}},"128":{"start":{"line":129,"column":0},"end":{"line":129,"column":8}},"129":{"start":{"line":130,"column":0},"end":{"line":130,"column":42}},"130":{"start":{"line":131,"column":0},"end":{"line":131,"column":50}},"131":{"start":{"line":132,"column":0},"end":{"line":132,"column":49}},"132":{"start":{"line":133,"column":0},"end":{"line":133,"column":50}},"133":{"start":{"line":134,"column":0},"end":{"line":134,"column":6}},"134":{"start":{"line":135,"column":0},"end":{"line":135,"column":29}},"135":{"start":{"line":136,"column":0},"end":{"line":136,"column":56}},"136":{"start":{"line":137,"column":0},"end":{"line":137,"column":69}},"137":{"start":{"line":138,"column":0},"end":{"line":138,"column":6}},"138":{"start":{"line":139,"column":0},"end":{"line":139,"column":28}},"139":{"start":{"line":140,"column":0},"end":{"line":140,"column":28}},"140":{"start":{"line":141,"column":0},"end":{"line":141,"column":27}},"141":{"start":{"line":142,"column":0},"end":{"line":142,"column":6}},"142":{"start":{"line":143,"column":0},"end":{"line":143,"column":35}},"143":{"start":{"line":144,"column":0},"end":{"line":144,"column":76}},"144":{"start":{"line":145,"column":0},"end":{"line":145,"column":75}},"145":{"start":{"line":146,"column":0},"end":{"line":146,"column":47}},"146":{"start":{"line":147,"column":0},"end":{"line":147,"column":8}},"147":{"start":{"line":148,"column":0},"end":{"line":148,"column":79}},"148":{"start":{"line":149,"column":0},"end":{"line":149,"column":48}},"149":{"start":{"line":150,"column":0},"end":{"line":150,"column":28}},"150":{"start":{"line":151,"column":0},"end":{"line":151,"column":10}},"151":{"start":{"line":152,"column":0},"end":{"line":152,"column":23}},"152":{"start":{"line":153,"column":0},"end":{"line":153,"column":16}},"153":{"start":{"line":154,"column":0},"end":{"line":154,"column":8}},"154":{"start":{"line":155,"column":0},"end":{"line":155,"column":6}},"155":{"start":{"line":156,"column":0},"end":{"line":156,"column":34}},"156":{"start":{"line":157,"column":0},"end":{"line":157,"column":78}},"157":{"start":{"line":158,"column":0},"end":{"line":158,"column":75}},"158":{"start":{"line":159,"column":0},"end":{"line":159,"column":47}},"159":{"start":{"line":160,"column":0},"end":{"line":160,"column":8}},"160":{"start":{"line":161,"column":0},"end":{"line":161,"column":79}},"161":{"start":{"line":162,"column":0},"end":{"line":162,"column":48}},"162":{"start":{"line":163,"column":0},"end":{"line":163,"column":24}},"163":{"start":{"line":164,"column":0},"end":{"line":164,"column":10}},"164":{"start":{"line":165,"column":0},"end":{"line":165,"column":17}},"165":{"start":{"line":166,"column":0},"end":{"line":166,"column":22}},"166":{"start":{"line":167,"column":0},"end":{"line":167,"column":8}},"167":{"start":{"line":168,"column":0},"end":{"line":168,"column":5}},"168":{"start":{"line":169,"column":0},"end":{"line":169,"column":4}},"169":{"start":{"line":170,"column":0},"end":{"line":170,"column":14}},"170":{"start":{"line":171,"column":0},"end":{"line":171,"column":84}},"171":{"start":{"line":172,"column":0},"end":{"line":172,"column":70}},"172":{"start":{"line":173,"column":0},"end":{"line":173,"column":93}},"173":{"start":{"line":174,"column":0},"end":{"line":174,"column":101}},"174":{"start":{"line":175,"column":0},"end":{"line":175,"column":145}},"175":{"start":{"line":176,"column":0},"end":{"line":176,"column":93}},"176":{"start":{"line":177,"column":0},"end":{"line":177,"column":69}},"177":{"start":{"line":178,"column":0},"end":{"line":178,"column":89}},"178":{"start":{"line":179,"column":0},"end":{"line":179,"column":94}},"179":{"start":{"line":180,"column":0},"end":{"line":180,"column":82}},"180":{"start":{"line":181,"column":0},"end":{"line":181,"column":92}},"181":{"start":{"line":182,"column":0},"end":{"line":182,"column":73}},"182":{"start":{"line":183,"column":0},"end":{"line":183,"column":98}},"183":{"start":{"line":184,"column":0},"end":{"line":184,"column":72}},"184":{"start":{"line":185,"column":0},"end":{"line":185,"column":4}},"185":{"start":{"line":186,"column":0},"end":{"line":186,"column":31}},"186":{"start":{"line":187,"column":0},"end":{"line":187,"column":11}},"187":{"start":{"line":188,"column":0},"end":{"line":188,"column":29}},"188":{"start":{"line":189,"column":0},"end":{"line":189,"column":53}},"189":{"start":{"line":190,"column":0},"end":{"line":190,"column":60}},"190":{"start":{"line":191,"column":0},"end":{"line":191,"column":8}},"191":{"start":{"line":192,"column":0},"end":{"line":192,"column":63}},"192":{"start":{"line":193,"column":0},"end":{"line":193,"column":58}},"193":{"start":{"line":194,"column":0},"end":{"line":194,"column":76}},"194":{"start":{"line":195,"column":0},"end":{"line":195,"column":8}},"195":{"start":{"line":196,"column":0},"end":{"line":196,"column":62}},"196":{"start":{"line":197,"column":0},"end":{"line":197,"column":58}},"197":{"start":{"line":198,"column":0},"end":{"line":198,"column":8}},"198":{"start":{"line":199,"column":0},"end":{"line":199,"column":30}},"199":{"start":{"line":200,"column":0},"end":{"line":200,"column":50}},"200":{"start":{"line":201,"column":0},"end":{"line":201,"column":73}},"201":{"start":{"line":202,"column":0},"end":{"line":202,"column":8}},"202":{"start":{"line":203,"column":0},"end":{"line":203,"column":59}},"203":{"start":{"line":204,"column":0},"end":{"line":204,"column":71}},"204":{"start":{"line":205,"column":0},"end":{"line":205,"column":8}},"205":{"start":{"line":206,"column":0},"end":{"line":206,"column":60}},"206":{"start":{"line":207,"column":0},"end":{"line":207,"column":88}},"207":{"start":{"line":208,"column":0},"end":{"line":208,"column":71}},"208":{"start":{"line":209,"column":0},"end":{"line":209,"column":8}},"209":{"start":{"line":210,"column":0},"end":{"line":210,"column":26}},"210":{"start":{"line":211,"column":0},"end":{"line":211,"column":51}},"211":{"start":{"line":212,"column":0},"end":{"line":212,"column":60}},"212":{"start":{"line":213,"column":0},"end":{"line":213,"column":53}},"213":{"start":{"line":214,"column":0},"end":{"line":214,"column":8}},"214":{"start":{"line":215,"column":0},"end":{"line":215,"column":60}},"215":{"start":{"line":216,"column":0},"end":{"line":216,"column":58}},"216":{"start":{"line":217,"column":0},"end":{"line":217,"column":123}},"217":{"start":{"line":218,"column":0},"end":{"line":218,"column":8}},"218":{"start":{"line":219,"column":0},"end":{"line":219,"column":61}},"219":{"start":{"line":220,"column":0},"end":{"line":220,"column":58}},"220":{"start":{"line":221,"column":0},"end":{"line":221,"column":74}},"221":{"start":{"line":222,"column":0},"end":{"line":222,"column":53}},"222":{"start":{"line":223,"column":0},"end":{"line":223,"column":8}},"223":{"start":{"line":224,"column":0},"end":{"line":224,"column":32}},"224":{"start":{"line":225,"column":0},"end":{"line":225,"column":54}},"225":{"start":{"line":226,"column":0},"end":{"line":226,"column":60}},"226":{"start":{"line":227,"column":0},"end":{"line":227,"column":29}},"227":{"start":{"line":228,"column":0},"end":{"line":228,"column":8}},"228":{"start":{"line":229,"column":0},"end":{"line":229,"column":63}},"229":{"start":{"line":230,"column":0},"end":{"line":230,"column":58}},"230":{"start":{"line":231,"column":0},"end":{"line":231,"column":105}},"231":{"start":{"line":232,"column":0},"end":{"line":232,"column":8}},"232":{"start":{"line":233,"column":0},"end":{"line":233,"column":64}},"233":{"start":{"line":234,"column":0},"end":{"line":234,"column":58}},"234":{"start":{"line":235,"column":0},"end":{"line":235,"column":74}},"235":{"start":{"line":236,"column":0},"end":{"line":236,"column":29}},"236":{"start":{"line":237,"column":0},"end":{"line":237,"column":8}},"237":{"start":{"line":238,"column":0},"end":{"line":238,"column":37}},"238":{"start":{"line":239,"column":0},"end":{"line":239,"column":49}},"239":{"start":{"line":240,"column":0},"end":{"line":240,"column":60}},"240":{"start":{"line":241,"column":0},"end":{"line":241,"column":29}},"241":{"start":{"line":242,"column":0},"end":{"line":242,"column":8}},"242":{"start":{"line":243,"column":0},"end":{"line":243,"column":58}},"243":{"start":{"line":244,"column":0},"end":{"line":244,"column":58}},"244":{"start":{"line":245,"column":0},"end":{"line":245,"column":72}},"245":{"start":{"line":246,"column":0},"end":{"line":246,"column":76}},"246":{"start":{"line":247,"column":0},"end":{"line":247,"column":8}},"247":{"start":{"line":248,"column":0},"end":{"line":248,"column":59}},"248":{"start":{"line":249,"column":0},"end":{"line":249,"column":58}},"249":{"start":{"line":250,"column":0},"end":{"line":250,"column":81}},"250":{"start":{"line":251,"column":0},"end":{"line":251,"column":85}},"251":{"start":{"line":252,"column":0},"end":{"line":252,"column":74}},"252":{"start":{"line":253,"column":0},"end":{"line":253,"column":8}},"253":{"start":{"line":254,"column":0},"end":{"line":254,"column":31}},"254":{"start":{"line":255,"column":0},"end":{"line":255,"column":46}},"255":{"start":{"line":256,"column":0},"end":{"line":256,"column":60}},"256":{"start":{"line":257,"column":0},"end":{"line":257,"column":8}},"257":{"start":{"line":258,"column":0},"end":{"line":258,"column":47}},"258":{"start":{"line":259,"column":0},"end":{"line":259,"column":58}},"259":{"start":{"line":260,"column":0},"end":{"line":260,"column":8}},"260":{"start":{"line":261,"column":0},"end":{"line":261,"column":56}},"261":{"start":{"line":262,"column":0},"end":{"line":262,"column":58}},"262":{"start":{"line":263,"column":0},"end":{"line":263,"column":73}},"263":{"start":{"line":264,"column":0},"end":{"line":264,"column":87}},"264":{"start":{"line":265,"column":0},"end":{"line":265,"column":97}},"265":{"start":{"line":266,"column":0},"end":{"line":266,"column":8}},"266":{"start":{"line":267,"column":0},"end":{"line":267,"column":38}},"267":{"start":{"line":268,"column":0},"end":{"line":268,"column":52}},"268":{"start":{"line":269,"column":0},"end":{"line":269,"column":60}},"269":{"start":{"line":270,"column":0},"end":{"line":270,"column":8}},"270":{"start":{"line":271,"column":0},"end":{"line":271,"column":53}},"271":{"start":{"line":272,"column":0},"end":{"line":272,"column":58}},"272":{"start":{"line":273,"column":0},"end":{"line":273,"column":8}},"273":{"start":{"line":274,"column":0},"end":{"line":274,"column":62}},"274":{"start":{"line":275,"column":0},"end":{"line":275,"column":58}},"275":{"start":{"line":276,"column":0},"end":{"line":276,"column":75}},"276":{"start":{"line":277,"column":0},"end":{"line":277,"column":8}},"277":{"start":{"line":278,"column":0},"end":{"line":278,"column":26}},"278":{"start":{"line":279,"column":0},"end":{"line":279,"column":48}},"279":{"start":{"line":280,"column":0},"end":{"line":280,"column":60}},"280":{"start":{"line":281,"column":0},"end":{"line":281,"column":8}},"281":{"start":{"line":282,"column":0},"end":{"line":282,"column":49}},"282":{"start":{"line":283,"column":0},"end":{"line":283,"column":58}},"283":{"start":{"line":284,"column":0},"end":{"line":284,"column":79}},"284":{"start":{"line":285,"column":0},"end":{"line":285,"column":72}},"285":{"start":{"line":286,"column":0},"end":{"line":286,"column":63}},"286":{"start":{"line":287,"column":0},"end":{"line":287,"column":8}},"287":{"start":{"line":288,"column":0},"end":{"line":288,"column":50}},"288":{"start":{"line":289,"column":0},"end":{"line":289,"column":58}},"289":{"start":{"line":290,"column":0},"end":{"line":290,"column":76}},"290":{"start":{"line":291,"column":0},"end":{"line":291,"column":72}},"291":{"start":{"line":292,"column":0},"end":{"line":292,"column":63}},"292":{"start":{"line":293,"column":0},"end":{"line":293,"column":87}},"293":{"start":{"line":294,"column":0},"end":{"line":294,"column":70}},"294":{"start":{"line":295,"column":0},"end":{"line":295,"column":71}},"295":{"start":{"line":296,"column":0},"end":{"line":296,"column":8}},"296":{"start":{"line":297,"column":0},"end":{"line":297,"column":39}},"297":{"start":{"line":298,"column":0},"end":{"line":298,"column":52}},"298":{"start":{"line":299,"column":0},"end":{"line":299,"column":60}},"299":{"start":{"line":300,"column":0},"end":{"line":300,"column":29}},"300":{"start":{"line":301,"column":0},"end":{"line":301,"column":8}},"301":{"start":{"line":302,"column":0},"end":{"line":302,"column":61}},"302":{"start":{"line":303,"column":0},"end":{"line":303,"column":58}},"303":{"start":{"line":304,"column":0},"end":{"line":304,"column":75}},"304":{"start":{"line":305,"column":0},"end":{"line":305,"column":8}},"305":{"start":{"line":306,"column":0},"end":{"line":306,"column":62}},"306":{"start":{"line":307,"column":0},"end":{"line":307,"column":58}},"307":{"start":{"line":308,"column":0},"end":{"line":308,"column":37}},"308":{"start":{"line":309,"column":0},"end":{"line":309,"column":83}},"309":{"start":{"line":310,"column":0},"end":{"line":310,"column":87}},"310":{"start":{"line":311,"column":0},"end":{"line":311,"column":9}},"311":{"start":{"line":312,"column":0},"end":{"line":312,"column":9}},"312":{"start":{"line":313,"column":0},"end":{"line":313,"column":3}},"313":{"start":{"line":314,"column":0},"end":{"line":314,"column":3}},"314":{"start":{"line":315,"column":0},"end":{"line":315,"column":0}},"315":{"start":{"line":316,"column":0},"end":{"line":316,"column":62}},"316":{"start":{"line":317,"column":0},"end":{"line":317,"column":49}},"317":{"start":{"line":318,"column":0},"end":{"line":318,"column":23}},"318":{"start":{"line":319,"column":0},"end":{"line":319,"column":19}},"319":{"start":{"line":320,"column":0},"end":{"line":320,"column":2}},"320":{"start":{"line":321,"column":0},"end":{"line":321,"column":0}},"321":{"start":{"line":322,"column":0},"end":{"line":322,"column":55}},"322":{"start":{"line":323,"column":0},"end":{"line":323,"column":46}},"323":{"start":{"line":324,"column":0},"end":{"line":324,"column":20}},"324":{"start":{"line":325,"column":0},"end":{"line":325,"column":16}},"325":{"start":{"line":326,"column":0},"end":{"line":326,"column":2}},"326":{"start":{"line":327,"column":0},"end":{"line":327,"column":0}},"327":{"start":{"line":328,"column":0},"end":{"line":328,"column":40}},"328":{"start":{"line":329,"column":0},"end":{"line":329,"column":47}},"329":{"start":{"line":330,"column":0},"end":{"line":330,"column":15}},"330":{"start":{"line":331,"column":0},"end":{"line":331,"column":62}},"331":{"start":{"line":332,"column":0},"end":{"line":332,"column":9}},"332":{"start":{"line":333,"column":0},"end":{"line":333,"column":48}},"333":{"start":{"line":334,"column":0},"end":{"line":334,"column":66}},"334":{"start":{"line":335,"column":0},"end":{"line":335,"column":53}},"335":{"start":{"line":336,"column":0},"end":{"line":336,"column":66}},"336":{"start":{"line":337,"column":0},"end":{"line":337,"column":22}},"337":{"start":{"line":338,"column":0},"end":{"line":338,"column":21}},"338":{"start":{"line":339,"column":0},"end":{"line":339,"column":79}},"339":{"start":{"line":340,"column":0},"end":{"line":340,"column":5}},"340":{"start":{"line":341,"column":0},"end":{"line":341,"column":3}},"341":{"start":{"line":342,"column":0},"end":{"line":342,"column":2}},"342":{"start":{"line":343,"column":0},"end":{"line":343,"column":0}},"343":{"start":{"line":344,"column":0},"end":{"line":344,"column":49}},"344":{"start":{"line":345,"column":0},"end":{"line":345,"column":50}},"345":{"start":{"line":346,"column":0},"end":{"line":346,"column":18}},"346":{"start":{"line":347,"column":0},"end":{"line":347,"column":17}},"347":{"start":{"line":348,"column":0},"end":{"line":348,"column":2}},"348":{"start":{"line":349,"column":0},"end":{"line":349,"column":0}},"349":{"start":{"line":350,"column":0},"end":{"line":350,"column":58}},"350":{"start":{"line":351,"column":0},"end":{"line":351,"column":69}},"351":{"start":{"line":352,"column":0},"end":{"line":352,"column":0}},"352":{"start":{"line":353,"column":0},"end":{"line":353,"column":49}},"353":{"start":{"line":354,"column":0},"end":{"line":354,"column":68}},"354":{"start":{"line":355,"column":0},"end":{"line":355,"column":0}},"355":{"start":{"line":356,"column":0},"end":{"line":356,"column":60}},"356":{"start":{"line":357,"column":0},"end":{"line":357,"column":77}},"357":{"start":{"line":358,"column":0},"end":{"line":358,"column":0}},"358":{"start":{"line":359,"column":0},"end":{"line":359,"column":46}},"359":{"start":{"line":360,"column":0},"end":{"line":360,"column":44}},"360":{"start":{"line":361,"column":0},"end":{"line":361,"column":16}},"361":{"start":{"line":362,"column":0},"end":{"line":362,"column":30}},"362":{"start":{"line":363,"column":0},"end":{"line":363,"column":62}},"363":{"start":{"line":364,"column":0},"end":{"line":364,"column":23}},"364":{"start":{"line":365,"column":0},"end":{"line":365,"column":77}},"365":{"start":{"line":366,"column":0},"end":{"line":366,"column":22}},"366":{"start":{"line":367,"column":0},"end":{"line":367,"column":5}},"367":{"start":{"line":368,"column":0},"end":{"line":368,"column":70}},"368":{"start":{"line":369,"column":0},"end":{"line":369,"column":29}},"369":{"start":{"line":370,"column":0},"end":{"line":370,"column":3}},"370":{"start":{"line":371,"column":0},"end":{"line":371,"column":2}},"371":{"start":{"line":372,"column":0},"end":{"line":372,"column":0}},"372":{"start":{"line":373,"column":0},"end":{"line":373,"column":54}},"373":{"start":{"line":374,"column":0},"end":{"line":374,"column":78}},"374":{"start":{"line":375,"column":0},"end":{"line":375,"column":0}},"375":{"start":{"line":376,"column":0},"end":{"line":376,"column":14}},"376":{"start":{"line":377,"column":0},"end":{"line":377,"column":97}},"377":{"start":{"line":378,"column":0},"end":{"line":378,"column":129}},"378":{"start":{"line":379,"column":0},"end":{"line":379,"column":90}},"379":{"start":{"line":380,"column":0},"end":{"line":380,"column":117}},"380":{"start":{"line":381,"column":0},"end":{"line":381,"column":145}},"381":{"start":{"line":382,"column":0},"end":{"line":382,"column":77}},"382":{"start":{"line":383,"column":0},"end":{"line":383,"column":86}},"383":{"start":{"line":384,"column":0},"end":{"line":384,"column":79}},"384":{"start":{"line":385,"column":0},"end":{"line":385,"column":0}},"385":{"start":{"line":386,"column":0},"end":{"line":386,"column":84}},"386":{"start":{"line":387,"column":0},"end":{"line":387,"column":79}},"387":{"start":{"line":388,"column":0},"end":{"line":388,"column":93}},"388":{"start":{"line":389,"column":0},"end":{"line":389,"column":15}},"389":{"start":{"line":390,"column":0},"end":{"line":390,"column":81}},"390":{"start":{"line":391,"column":0},"end":{"line":391,"column":72}},"391":{"start":{"line":392,"column":0},"end":{"line":392,"column":33}},"392":{"start":{"line":393,"column":0},"end":{"line":393,"column":0}},"393":{"start":{"line":394,"column":0},"end":{"line":394,"column":14}},"394":{"start":{"line":395,"column":0},"end":{"line":395,"column":72}},"395":{"start":{"line":396,"column":0},"end":{"line":396,"column":80}},"396":{"start":{"line":397,"column":0},"end":{"line":397,"column":53}},"397":{"start":{"line":398,"column":0},"end":{"line":398,"column":79}},"398":{"start":{"line":399,"column":0},"end":{"line":399,"column":52}},"399":{"start":{"line":400,"column":0},"end":{"line":400,"column":65}},"400":{"start":{"line":401,"column":0},"end":{"line":401,"column":58}},"401":{"start":{"line":402,"column":0},"end":{"line":402,"column":81}},"402":{"start":{"line":403,"column":0},"end":{"line":403,"column":15}},"403":{"start":{"line":404,"column":0},"end":{"line":404,"column":73}},"404":{"start":{"line":405,"column":0},"end":{"line":405,"column":90}},"405":{"start":{"line":406,"column":0},"end":{"line":406,"column":90}},"406":{"start":{"line":407,"column":0},"end":{"line":407,"column":14}},"407":{"start":{"line":408,"column":0},"end":{"line":408,"column":31}},"408":{"start":{"line":409,"column":0},"end":{"line":409,"column":42}}},"s":{"0":1,"1":1,"2":1,"3":1,"4":1,"5":1,"6":1,"7":1,"8":1,"9":1,"10":1,"11":1,"12":1,"13":1,"14":1,"15":1,"16":1,"17":1,"18":1,"19":1,"20":1,"21":1,"22":1,"23":1,"24":1,"25":1,"26":1,"27":1,"28":1,"29":1,"30":1,"31":1,"32":1,"33":1,"34":1,"35":1,"36":1,"37":1,"38":1,"39":1,"40":1,"41":1,"42":1,"43":1,"44":1,"45":1,"46":1,"47":1,"48":1,"49":1,"50":1,"51":1,"52":1,"53":1,"54":1,"55":1,"56":1,"57":1,"58":1,"59":1,"60":1,"61":1,"62":1,"63":1,"64":1,"65":1,"66":1,"67":1,"68":1,"69":1,"70":1,"71":1,"72":1,"73":1,"74":1,"75":1,"76":1,"77":1,"78":1,"79":1,"80":1,"81":1,"82":1,"83":1,"84":1,"85":1,"86":2,"87":1,"88":1,"89":1,"90":1,"91":1,"92":1,"93":1,"94":1,"95":1,"96":1,"97":1,"98":1,"99":1,"100":1,"101":1,"102":1,"103":1,"104":1,"105":1,"106":1,"107":1,"108":1,"109":1,"110":1,"111":1,"112":1,"113":1,"114":1,"115":1,"116":1,"117":1,"118":1,"119":1,"120":1,"121":1,"122":1,"123":1,"124":1,"125":1,"126":1,"127":1,"128":1,"129":1,"130":1,"131":1,"132":1,"133":1,"134":1,"135":1,"136":2,"137":1,"138":1,"139":1,"140":1,"141":1,"142":1,"143":1,"144":1,"145":1,"146":1,"147":1,"148":1,"149":1,"150":1,"151":1,"152":1,"153":1,"154":1,"155":1,"156":1,"157":1,"158":1,"159":1,"160":1,"161":1,"162":1,"163":1,"164":1,"165":1,"166":1,"167":1,"168":1,"169":1,"170":1,"171":1,"172":1,"173":1,"174":1,"175":1,"176":1,"177":1,"178":1,"179":1,"180":1,"181":1,"182":1,"183":1,"184":1,"185":1,"186":3,"187":3,"188":3,"189":1,"190":3,"191":3,"192":1,"193":1,"194":3,"195":3,"196":1,"197":3,"198":3,"199":3,"200":1,"201":3,"202":3,"203":1,"204":3,"205":3,"206":1,"207":1,"208":3,"209":3,"210":3,"211":1,"212":1,"213":3,"214":3,"215":1,"216":1,"217":3,"218":3,"219":1,"220":1,"221":1,"222":3,"223":3,"224":3,"225":1,"226":1,"227":3,"228":3,"229":1,"230":1,"231":3,"232":3,"233":1,"234":1,"235":1,"236":3,"237":3,"238":3,"239":1,"240":1,"241":3,"242":3,"243":1,"244":1,"245":1,"246":3,"247":3,"248":1,"249":1,"250":1,"251":1,"252":3,"253":3,"254":3,"255":1,"256":3,"257":3,"258":1,"259":3,"260":3,"261":1,"262":1,"263":1,"264":1,"265":3,"266":3,"267":3,"268":1,"269":3,"270":3,"271":1,"272":3,"273":3,"274":1,"275":1,"276":3,"277":3,"278":3,"279":1,"280":3,"281":3,"282":1,"283":1,"284":1,"285":1,"286":3,"287":3,"288":1,"289":1,"290":1,"291":1,"292":1,"293":1,"294":1,"295":3,"296":3,"297":3,"298":1,"299":1,"300":3,"301":3,"302":1,"303":1,"304":3,"305":3,"306":1,"307":1,"308":1,"309":1,"310":1,"311":3,"312":3,"313":1,"314":1,"315":1,"316":1,"317":1,"318":1,"319":1,"320":1,"321":1,"322":1,"323":1,"324":1,"325":1,"326":1,"327":1,"328":1,"329":1,"330":1,"331":0,"332":0,"333":0,"334":0,"335":0,"336":0,"337":0,"338":0,"339":0,"340":0,"341":1,"342":1,"343":1,"344":1,"345":1,"346":1,"347":1,"348":1,"349":1,"350":1,"351":1,"352":1,"353":1,"354":1,"355":1,"356":1,"357":1,"358":1,"359":1,"360":1,"361":1,"362":0,"363":0,"364":0,"365":0,"366":0,"367":0,"368":0,"369":0,"370":1,"371":1,"372":1,"373":1,"374":1,"375":1,"376":1,"377":1,"378":1,"379":1,"380":1,"381":1,"382":1,"383":1,"384":1,"385":1,"386":1,"387":1,"388":1,"389":1,"390":1,"391":1,"392":1,"393":1,"394":1,"395":1,"396":1,"397":1,"398":1,"399":1,"400":1,"401":1,"402":1,"403":1,"404":1,"405":1,"406":1,"407":1,"408":1},"branchMap":{"0":{"type":"branch","line":86,"loc":{"start":{"line":86,"column":17},"end":{"line":95,"column":5}},"locations":[{"start":{"line":86,"column":17},"end":{"line":95,"column":5}}]},"1":{"type":"branch","line":87,"loc":{"start":{"line":87,"column":41},"end":{"line":94,"column":7}},"locations":[{"start":{"line":87,"column":41},"end":{"line":94,"column":7}}]},"2":{"type":"branch","line":97,"loc":{"start":{"line":97,"column":21},"end":{"line":104,"column":5}},"locations":[{"start":{"line":97,"column":21},"end":{"line":104,"column":5}}]},"3":{"type":"branch","line":106,"loc":{"start":{"line":106,"column":16},"end":{"line":108,"column":5}},"locations":[{"start":{"line":106,"column":16},"end":{"line":108,"column":5}}]},"4":{"type":"branch","line":110,"loc":{"start":{"line":110,"column":20},"end":{"line":112,"column":5}},"locations":[{"start":{"line":110,"column":20},"end":{"line":112,"column":5}}]},"5":{"type":"branch","line":114,"loc":{"start":{"line":114,"column":8},"end":{"line":116,"column":5}},"locations":[{"start":{"line":114,"column":8},"end":{"line":116,"column":5}}]},"6":{"type":"branch","line":118,"loc":{"start":{"line":118,"column":13},"end":{"line":120,"column":5}},"locations":[{"start":{"line":118,"column":13},"end":{"line":120,"column":5}}]},"7":{"type":"branch","line":122,"loc":{"start":{"line":122,"column":14},"end":{"line":124,"column":5}},"locations":[{"start":{"line":122,"column":14},"end":{"line":124,"column":5}}]},"8":{"type":"branch","line":126,"loc":{"start":{"line":126,"column":20},"end":{"line":134,"column":5}},"locations":[{"start":{"line":126,"column":20},"end":{"line":134,"column":5}}]},"9":{"type":"branch","line":128,"loc":{"start":{"line":128,"column":8},"end":{"line":128,"column":22}},"locations":[{"start":{"line":128,"column":8},"end":{"line":128,"column":22}}]},"10":{"type":"branch","line":132,"loc":{"start":{"line":132,"column":10},"end":{"line":132,"column":29}},"locations":[{"start":{"line":132,"column":10},"end":{"line":132,"column":29}}]},"11":{"type":"branch","line":136,"loc":{"start":{"line":136,"column":16},"end":{"line":138,"column":5}},"locations":[{"start":{"line":136,"column":16},"end":{"line":138,"column":5}}]},"12":{"type":"branch","line":140,"loc":{"start":{"line":140,"column":19},"end":{"line":142,"column":5}},"locations":[{"start":{"line":140,"column":19},"end":{"line":142,"column":5}}]},"13":{"type":"branch","line":144,"loc":{"start":{"line":144,"column":20},"end":{"line":155,"column":5}},"locations":[{"start":{"line":144,"column":20},"end":{"line":155,"column":5}}]},"14":{"type":"branch","line":146,"loc":{"start":{"line":146,"column":8},"end":{"line":146,"column":22}},"locations":[{"start":{"line":146,"column":8},"end":{"line":146,"column":22}}]},"15":{"type":"branch","line":157,"loc":{"start":{"line":157,"column":22},"end":{"line":168,"column":5}},"locations":[{"start":{"line":157,"column":22},"end":{"line":168,"column":5}}]},"16":{"type":"branch","line":159,"loc":{"start":{"line":159,"column":8},"end":{"line":159,"column":22}},"locations":[{"start":{"line":159,"column":8},"end":{"line":159,"column":22}}]},"17":{"type":"branch","line":171,"loc":{"start":{"line":171,"column":23},"end":{"line":171,"column":39}},"locations":[{"start":{"line":171,"column":23},"end":{"line":171,"column":39}}]},"18":{"type":"branch","line":172,"loc":{"start":{"line":172,"column":19},"end":{"line":172,"column":35}},"locations":[{"start":{"line":172,"column":19},"end":{"line":172,"column":35}}]},"19":{"type":"branch","line":173,"loc":{"start":{"line":173,"column":26},"end":{"line":173,"column":42}},"locations":[{"start":{"line":173,"column":26},"end":{"line":173,"column":42}}]},"20":{"type":"branch","line":174,"loc":{"start":{"line":174,"column":28},"end":{"line":174,"column":44}},"locations":[{"start":{"line":174,"column":28},"end":{"line":174,"column":44}}]},"21":{"type":"branch","line":175,"loc":{"start":{"line":175,"column":24},"end":{"line":175,"column":40}},"locations":[{"start":{"line":175,"column":24},"end":{"line":175,"column":40}}]},"22":{"type":"branch","line":176,"loc":{"start":{"line":176,"column":16},"end":{"line":176,"column":32}},"locations":[{"start":{"line":176,"column":16},"end":{"line":176,"column":32}}]},"23":{"type":"branch","line":177,"loc":{"start":{"line":177,"column":18},"end":{"line":177,"column":34}},"locations":[{"start":{"line":177,"column":18},"end":{"line":177,"column":34}}]},"24":{"type":"branch","line":178,"loc":{"start":{"line":178,"column":23},"end":{"line":178,"column":39}},"locations":[{"start":{"line":178,"column":23},"end":{"line":178,"column":39}}]},"25":{"type":"branch","line":179,"loc":{"start":{"line":179,"column":23},"end":{"line":179,"column":39}},"locations":[{"start":{"line":179,"column":23},"end":{"line":179,"column":39}}]},"26":{"type":"branch","line":180,"loc":{"start":{"line":180,"column":22},"end":{"line":180,"column":38}},"locations":[{"start":{"line":180,"column":22},"end":{"line":180,"column":38}}]},"27":{"type":"branch","line":181,"loc":{"start":{"line":181,"column":27},"end":{"line":181,"column":43}},"locations":[{"start":{"line":181,"column":27},"end":{"line":181,"column":43}}]},"28":{"type":"branch","line":182,"loc":{"start":{"line":182,"column":18},"end":{"line":182,"column":34}},"locations":[{"start":{"line":182,"column":18},"end":{"line":182,"column":34}}]},"29":{"type":"branch","line":183,"loc":{"start":{"line":183,"column":25},"end":{"line":183,"column":41}},"locations":[{"start":{"line":183,"column":25},"end":{"line":183,"column":41}}]},"30":{"type":"branch","line":184,"loc":{"start":{"line":184,"column":21},"end":{"line":184,"column":37}},"locations":[{"start":{"line":184,"column":21},"end":{"line":184,"column":37}}]},"31":{"type":"branch","line":186,"loc":{"start":{"line":186,"column":17},"end":{"line":313,"column":3}},"locations":[{"start":{"line":186,"column":17},"end":{"line":313,"column":3}}]},"32":{"type":"branch","line":189,"loc":{"start":{"line":189,"column":41},"end":{"line":191,"column":7}},"locations":[{"start":{"line":189,"column":41},"end":{"line":191,"column":7}}]},"33":{"type":"branch","line":192,"loc":{"start":{"line":192,"column":43},"end":{"line":195,"column":7}},"locations":[{"start":{"line":192,"column":43},"end":{"line":195,"column":7}}]},"34":{"type":"branch","line":196,"loc":{"start":{"line":196,"column":42},"end":{"line":198,"column":7}},"locations":[{"start":{"line":196,"column":42},"end":{"line":198,"column":7}}]},"35":{"type":"branch","line":200,"loc":{"start":{"line":200,"column":38},"end":{"line":202,"column":7}},"locations":[{"start":{"line":200,"column":38},"end":{"line":202,"column":7}}]},"36":{"type":"branch","line":203,"loc":{"start":{"line":203,"column":39},"end":{"line":205,"column":7}},"locations":[{"start":{"line":203,"column":39},"end":{"line":205,"column":7}}]},"37":{"type":"branch","line":206,"loc":{"start":{"line":206,"column":40},"end":{"line":209,"column":7}},"locations":[{"start":{"line":206,"column":40},"end":{"line":209,"column":7}}]},"38":{"type":"branch","line":211,"loc":{"start":{"line":211,"column":39},"end":{"line":214,"column":7}},"locations":[{"start":{"line":211,"column":39},"end":{"line":214,"column":7}}]},"39":{"type":"branch","line":215,"loc":{"start":{"line":215,"column":40},"end":{"line":218,"column":7}},"locations":[{"start":{"line":215,"column":40},"end":{"line":218,"column":7}}]},"40":{"type":"branch","line":219,"loc":{"start":{"line":219,"column":41},"end":{"line":223,"column":7}},"locations":[{"start":{"line":219,"column":41},"end":{"line":223,"column":7}}]},"41":{"type":"branch","line":225,"loc":{"start":{"line":225,"column":42},"end":{"line":228,"column":7}},"locations":[{"start":{"line":225,"column":42},"end":{"line":228,"column":7}}]},"42":{"type":"branch","line":229,"loc":{"start":{"line":229,"column":43},"end":{"line":232,"column":7}},"locations":[{"start":{"line":229,"column":43},"end":{"line":232,"column":7}}]},"43":{"type":"branch","line":233,"loc":{"start":{"line":233,"column":44},"end":{"line":237,"column":7}},"locations":[{"start":{"line":233,"column":44},"end":{"line":237,"column":7}}]},"44":{"type":"branch","line":239,"loc":{"start":{"line":239,"column":37},"end":{"line":242,"column":7}},"locations":[{"start":{"line":239,"column":37},"end":{"line":242,"column":7}}]},"45":{"type":"branch","line":243,"loc":{"start":{"line":243,"column":38},"end":{"line":247,"column":7}},"locations":[{"start":{"line":243,"column":38},"end":{"line":247,"column":7}}]},"46":{"type":"branch","line":248,"loc":{"start":{"line":248,"column":39},"end":{"line":253,"column":7}},"locations":[{"start":{"line":248,"column":39},"end":{"line":253,"column":7}}]},"47":{"type":"branch","line":255,"loc":{"start":{"line":255,"column":34},"end":{"line":257,"column":7}},"locations":[{"start":{"line":255,"column":34},"end":{"line":257,"column":7}}]},"48":{"type":"branch","line":258,"loc":{"start":{"line":258,"column":35},"end":{"line":260,"column":7}},"locations":[{"start":{"line":258,"column":35},"end":{"line":260,"column":7}}]},"49":{"type":"branch","line":261,"loc":{"start":{"line":261,"column":36},"end":{"line":266,"column":7}},"locations":[{"start":{"line":261,"column":36},"end":{"line":266,"column":7}}]},"50":{"type":"branch","line":268,"loc":{"start":{"line":268,"column":40},"end":{"line":270,"column":7}},"locations":[{"start":{"line":268,"column":40},"end":{"line":270,"column":7}}]},"51":{"type":"branch","line":271,"loc":{"start":{"line":271,"column":41},"end":{"line":273,"column":7}},"locations":[{"start":{"line":271,"column":41},"end":{"line":273,"column":7}}]},"52":{"type":"branch","line":274,"loc":{"start":{"line":274,"column":42},"end":{"line":277,"column":7}},"locations":[{"start":{"line":274,"column":42},"end":{"line":277,"column":7}}]},"53":{"type":"branch","line":279,"loc":{"start":{"line":279,"column":36},"end":{"line":281,"column":7}},"locations":[{"start":{"line":279,"column":36},"end":{"line":281,"column":7}}]},"54":{"type":"branch","line":282,"loc":{"start":{"line":282,"column":37},"end":{"line":287,"column":7}},"locations":[{"start":{"line":282,"column":37},"end":{"line":287,"column":7}}]},"55":{"type":"branch","line":288,"loc":{"start":{"line":288,"column":38},"end":{"line":296,"column":7}},"locations":[{"start":{"line":288,"column":38},"end":{"line":296,"column":7}}]},"56":{"type":"branch","line":298,"loc":{"start":{"line":298,"column":40},"end":{"line":301,"column":7}},"locations":[{"start":{"line":298,"column":40},"end":{"line":301,"column":7}}]},"57":{"type":"branch","line":302,"loc":{"start":{"line":302,"column":41},"end":{"line":305,"column":7}},"locations":[{"start":{"line":302,"column":41},"end":{"line":305,"column":7}}]},"58":{"type":"branch","line":306,"loc":{"start":{"line":306,"column":42},"end":{"line":312,"column":7}},"locations":[{"start":{"line":306,"column":42},"end":{"line":312,"column":7}}]}},"b":{"0":[2],"1":[1],"2":[1],"3":[1],"4":[1],"5":[1],"6":[1],"7":[1],"8":[1],"9":[1],"10":[3],"11":[2],"12":[1],"13":[1],"14":[1],"15":[1],"16":[1],"17":[1],"18":[1],"19":[2],"20":[10],"21":[2],"22":[1],"23":[3],"24":[1],"25":[1],"26":[3],"27":[1],"28":[3],"29":[4],"30":[3],"31":[3],"32":[1],"33":[1],"34":[1],"35":[1],"36":[1],"37":[1],"38":[1],"39":[1],"40":[1],"41":[1],"42":[1],"43":[1],"44":[1],"45":[1],"46":[1],"47":[1],"48":[1],"49":[1],"50":[1],"51":[1],"52":[1],"53":[1],"54":[1],"55":[1],"56":[1],"57":[1],"58":[1]},"fnMap":{"0":{"name":"addIngredientAction","decl":{"start":{"line":74,"column":35},"end":{"line":74,"column":65}},"loc":{"start":{"line":74,"column":35},"end":{"line":74,"column":65}},"line":74},"1":{"name":"addIngredient","decl":{"start":{"line":86,"column":17},"end":{"line":95,"column":5}},"loc":{"start":{"line":86,"column":17},"end":{"line":95,"column":5}},"line":86},"2":{"name":"closeOrderRequest","decl":{"start":{"line":97,"column":21},"end":{"line":104,"column":5}},"loc":{"start":{"line":97,"column":21},"end":{"line":104,"column":5}},"line":97},"3":{"name":"removeOrders","decl":{"start":{"line":106,"column":16},"end":{"line":108,"column":5}},"loc":{"start":{"line":106,"column":16},"end":{"line":108,"column":5}},"line":106},"4":{"name":"removeUserOrders","decl":{"start":{"line":110,"column":20},"end":{"line":112,"column":5}},"loc":{"start":{"line":110,"column":20},"end":{"line":112,"column":5}},"line":110},"5":{"name":"init","decl":{"start":{"line":114,"column":8},"end":{"line":116,"column":5}},"loc":{"start":{"line":114,"column":8},"end":{"line":116,"column":5}},"line":114},"6":{"name":"openModal","decl":{"start":{"line":118,"column":13},"end":{"line":120,"column":5}},"loc":{"start":{"line":118,"column":13},"end":{"line":120,"column":5}},"line":118},"7":{"name":"closeModal","decl":{"start":{"line":122,"column":14},"end":{"line":124,"column":5}},"loc":{"start":{"line":122,"column":14},"end":{"line":124,"column":5}},"line":122},"8":{"name":"deleteIngredient","decl":{"start":{"line":126,"column":20},"end":{"line":134,"column":5}},"loc":{"start":{"line":126,"column":20},"end":{"line":134,"column":5}},"line":126},"9":{"name":"setErrorText","decl":{"start":{"line":136,"column":16},"end":{"line":138,"column":5}},"loc":{"start":{"line":136,"column":16},"end":{"line":138,"column":5}},"line":136},"10":{"name":"removeErrorText","decl":{"start":{"line":140,"column":19},"end":{"line":142,"column":5}},"loc":{"start":{"line":140,"column":19},"end":{"line":142,"column":5}},"line":140},"11":{"name":"moveIngredientUp","decl":{"start":{"line":144,"column":20},"end":{"line":155,"column":5}},"loc":{"start":{"line":144,"column":20},"end":{"line":155,"column":5}},"line":144},"12":{"name":"moveIngredientDown","decl":{"start":{"line":157,"column":22},"end":{"line":168,"column":5}},"loc":{"start":{"line":157,"column":22},"end":{"line":168,"column":5}},"line":157},"13":{"name":"selectIngredients","decl":{"start":{"line":171,"column":23},"end":{"line":171,"column":39}},"loc":{"start":{"line":171,"column":23},"end":{"line":171,"column":39}},"line":171},"14":{"name":"selectLoading","decl":{"start":{"line":172,"column":19},"end":{"line":172,"column":35}},"loc":{"start":{"line":172,"column":19},"end":{"line":172,"column":35}},"line":172},"15":{"name":"selectOrderModalData","decl":{"start":{"line":173,"column":26},"end":{"line":173,"column":42}},"loc":{"start":{"line":173,"column":26},"end":{"line":173,"column":42}},"line":173},"16":{"name":"selectConstructorItems","decl":{"start":{"line":174,"column":28},"end":{"line":174,"column":44}},"loc":{"start":{"line":174,"column":28},"end":{"line":174,"column":44}},"line":174},"17":{"name":"selectOrderRequest","decl":{"start":{"line":175,"column":24},"end":{"line":175,"column":40}},"loc":{"start":{"line":175,"column":24},"end":{"line":175,"column":40}},"line":175},"18":{"name":"selectUser","decl":{"start":{"line":176,"column":16},"end":{"line":176,"column":32}},"loc":{"start":{"line":176,"column":16},"end":{"line":176,"column":32}},"line":176},"19":{"name":"selectOrders","decl":{"start":{"line":177,"column":18},"end":{"line":177,"column":34}},"loc":{"start":{"line":177,"column":18},"end":{"line":177,"column":34}},"line":177},"20":{"name":"selectTotalOrders","decl":{"start":{"line":178,"column":23},"end":{"line":178,"column":39}},"loc":{"start":{"line":178,"column":23},"end":{"line":178,"column":39}},"line":178},"21":{"name":"selectTodayOrders","decl":{"start":{"line":179,"column":23},"end":{"line":179,"column":39}},"loc":{"start":{"line":179,"column":23},"end":{"line":179,"column":39}},"line":179},"22":{"name":"selectUserOrders","decl":{"start":{"line":180,"column":22},"end":{"line":180,"column":38}},"loc":{"start":{"line":180,"column":22},"end":{"line":180,"column":38}},"line":180},"23":{"name":"selectIsAuthenticated","decl":{"start":{"line":181,"column":27},"end":{"line":181,"column":43}},"loc":{"start":{"line":181,"column":27},"end":{"line":181,"column":43}},"line":181},"24":{"name":"selectIsInit","decl":{"start":{"line":182,"column":18},"end":{"line":182,"column":34}},"loc":{"start":{"line":182,"column":18},"end":{"line":182,"column":34}},"line":182},"25":{"name":"selectIsModalOpened","decl":{"start":{"line":183,"column":25},"end":{"line":183,"column":41}},"loc":{"start":{"line":183,"column":25},"end":{"line":183,"column":41}},"line":183},"26":{"name":"selectErrorText","decl":{"start":{"line":184,"column":21},"end":{"line":184,"column":37}},"loc":{"start":{"line":184,"column":21},"end":{"line":184,"column":37}},"line":184},"27":{"name":"extraReducers","decl":{"start":{"line":186,"column":17},"end":{"line":313,"column":3}},"loc":{"start":{"line":186,"column":17},"end":{"line":313,"column":3}},"line":186}},"f":{"0":0,"1":2,"2":1,"3":1,"4":1,"5":1,"6":1,"7":1,"8":1,"9":2,"10":1,"11":1,"12":1,"13":1,"14":1,"15":2,"16":10,"17":2,"18":1,"19":3,"20":1,"21":1,"22":3,"23":1,"24":3,"25":4,"26":3,"27":3}}
,"C:\\Users\\BOSS\\dev\\stellar-burgers\\src\\utils\\burger-api.ts": {"path":"C:\\Users\\BOSS\\dev\\stellar-burgers\\src\\utils\\burger-api.ts","all":false,"statementMap":{"0":{"start":{"line":1,"column":0},"end":{"line":1,"column":48}},"1":{"start":{"line":2,"column":0},"end":{"line":2,"column":66}},"2":{"start":{"line":3,"column":0},"end":{"line":3,"column":0}},"3":{"start":{"line":4,"column":0},"end":{"line":4,"column":39}},"4":{"start":{"line":5,"column":0},"end":{"line":5,"column":0}},"5":{"start":{"line":6,"column":0},"end":{"line":6,"column":155}},"6":{"start":{"line":7,"column":0},"end":{"line":7,"column":55}},"7":{"start":{"line":8,"column":0},"end":{"line":8,"column":70}},"8":{"start":{"line":9,"column":0},"end":{"line":9,"column":0}},"9":{"start":{"line":10,"column":0},"end":{"line":10,"column":87}},"10":{"start":{"line":11,"column":0},"end":{"line":11,"column":27}},"11":{"start":{"line":12,"column":0},"end":{"line":12,"column":19}},"12":{"start":{"line":13,"column":0},"end":{"line":13,"column":6}},"13":{"start":{"line":14,"column":0},"end":{"line":14,"column":0}},"14":{"start":{"line":15,"column":0},"end":{"line":15,"column":45}},"15":{"start":{"line":16,"column":0},"end":{"line":16,"column":41}},"16":{"start":{"line":17,"column":0},"end":{"line":17,"column":23}},"17":{"start":{"line":18,"column":0},"end":{"line":18,"column":22}},"18":{"start":{"line":19,"column":0},"end":{"line":19,"column":3}},"19":{"start":{"line":20,"column":0},"end":{"line":20,"column":0}},"20":{"start":{"line":21,"column":0},"end":{"line":21,"column":203}},"21":{"start":{"line":22,"column":0},"end":{"line":22,"column":60}},"22":{"start":{"line":23,"column":0},"end":{"line":23,"column":30}},"23":{"start":{"line":24,"column":0},"end":{"line":24,"column":19}},"24":{"start":{"line":25,"column":0},"end":{"line":25,"column":14}},"25":{"start":{"line":26,"column":0},"end":{"line":26,"column":54}},"26":{"start":{"line":27,"column":0},"end":{"line":27,"column":6}},"27":{"start":{"line":28,"column":0},"end":{"line":28,"column":26}},"28":{"start":{"line":29,"column":0},"end":{"line":29,"column":49}},"29":{"start":{"line":30,"column":0},"end":{"line":30,"column":6}},"30":{"start":{"line":31,"column":0},"end":{"line":31,"column":4}},"31":{"start":{"line":32,"column":0},"end":{"line":32,"column":56}},"32":{"start":{"line":33,"column":0},"end":{"line":33,"column":28}},"33":{"start":{"line":34,"column":0},"end":{"line":34,"column":33}},"34":{"start":{"line":35,"column":0},"end":{"line":35,"column":43}},"35":{"start":{"line":36,"column":0},"end":{"line":36,"column":7}},"36":{"start":{"line":37,"column":0},"end":{"line":37,"column":69}},"37":{"start":{"line":38,"column":0},"end":{"line":38,"column":56}},"38":{"start":{"line":39,"column":0},"end":{"line":39,"column":25}},"39":{"start":{"line":40,"column":0},"end":{"line":40,"column":7}},"40":{"start":{"line":41,"column":0},"end":{"line":41,"column":0}},"41":{"start":{"line":42,"column":0},"end":{"line":42,"column":170}},"42":{"start":{"line":43,"column":0},"end":{"line":43,"column":42}},"43":{"start":{"line":44,"column":0},"end":{"line":44,"column":19}},"44":{"start":{"line":45,"column":0},"end":{"line":45,"column":22}},"45":{"start":{"line":46,"column":0},"end":{"line":46,"column":6}},"46":{"start":{"line":47,"column":0},"end":{"line":47,"column":7}},"47":{"start":{"line":48,"column":0},"end":{"line":48,"column":42}},"48":{"start":{"line":49,"column":0},"end":{"line":49,"column":39}},"49":{"start":{"line":50,"column":0},"end":{"line":50,"column":17}},"50":{"start":{"line":51,"column":0},"end":{"line":51,"column":65}},"51":{"start":{"line":52,"column":0},"end":{"line":52,"column":47}},"52":{"start":{"line":53,"column":0},"end":{"line":53,"column":28}},"53":{"start":{"line":54,"column":0},"end":{"line":54,"column":70}},"54":{"start":{"line":55,"column":0},"end":{"line":55,"column":34}},"55":{"start":{"line":56,"column":0},"end":{"line":56,"column":7}},"56":{"start":{"line":57,"column":0},"end":{"line":57,"column":44}},"57":{"start":{"line":58,"column":0},"end":{"line":58,"column":41}},"58":{"start":{"line":59,"column":0},"end":{"line":59,"column":12}},"59":{"start":{"line":60,"column":0},"end":{"line":60,"column":33}},"60":{"start":{"line":61,"column":0},"end":{"line":61,"column":5}},"61":{"start":{"line":62,"column":0},"end":{"line":62,"column":3}},"62":{"start":{"line":63,"column":0},"end":{"line":63,"column":2}},"63":{"start":{"line":64,"column":0},"end":{"line":64,"column":0}},"64":{"start":{"line":65,"column":0},"end":{"line":65,"column":77}},"65":{"start":{"line":66,"column":0},"end":{"line":66,"column":45}},"66":{"start":{"line":67,"column":0},"end":{"line":67,"column":22}},"67":{"start":{"line":68,"column":0},"end":{"line":68,"column":3}},"68":{"start":{"line":69,"column":0},"end":{"line":69,"column":0}},"69":{"start":{"line":70,"column":0},"end":{"line":70,"column":39}},"70":{"start":{"line":71,"column":0},"end":{"line":71,"column":19}},"71":{"start":{"line":72,"column":0},"end":{"line":72,"column":16}},"72":{"start":{"line":73,"column":0},"end":{"line":73,"column":21}},"73":{"start":{"line":74,"column":0},"end":{"line":74,"column":3}},"74":{"start":{"line":75,"column":0},"end":{"line":75,"column":0}},"75":{"start":{"line":76,"column":0},"end":{"line":76,"column":40}},"76":{"start":{"line":77,"column":0},"end":{"line":77,"column":17}},"77":{"start":{"line":78,"column":0},"end":{"line":78,"column":3}},"78":{"start":{"line":79,"column":0},"end":{"line":79,"column":0}},"79":{"start":{"line":80,"column":0},"end":{"line":80,"column":64}},"80":{"start":{"line":81,"column":0},"end":{"line":81,"column":38}},"81":{"start":{"line":82,"column":0},"end":{"line":82,"column":29}},"82":{"start":{"line":83,"column":0},"end":{"line":83,"column":60}},"83":{"start":{"line":84,"column":0},"end":{"line":84,"column":21}},"84":{"start":{"line":85,"column":0},"end":{"line":85,"column":42}},"85":{"start":{"line":86,"column":0},"end":{"line":86,"column":34}},"86":{"start":{"line":87,"column":0},"end":{"line":87,"column":7}},"87":{"start":{"line":88,"column":0},"end":{"line":88,"column":0}},"88":{"start":{"line":89,"column":0},"end":{"line":89,"column":57}},"89":{"start":{"line":90,"column":0},"end":{"line":90,"column":32}},"90":{"start":{"line":91,"column":0},"end":{"line":91,"column":28}},"91":{"start":{"line":92,"column":0},"end":{"line":92,"column":54}},"92":{"start":{"line":93,"column":0},"end":{"line":93,"column":21}},"93":{"start":{"line":94,"column":0},"end":{"line":94,"column":37}},"94":{"start":{"line":95,"column":0},"end":{"line":95,"column":34}},"95":{"start":{"line":96,"column":0},"end":{"line":96,"column":7}},"96":{"start":{"line":97,"column":0},"end":{"line":97,"column":0}},"97":{"start":{"line":98,"column":0},"end":{"line":98,"column":54}},"98":{"start":{"line":99,"column":0},"end":{"line":99,"column":33}},"99":{"start":{"line":100,"column":0},"end":{"line":100,"column":53}},"100":{"start":{"line":101,"column":0},"end":{"line":101,"column":18}},"101":{"start":{"line":102,"column":0},"end":{"line":102,"column":14}},"102":{"start":{"line":103,"column":0},"end":{"line":103,"column":55}},"103":{"start":{"line":104,"column":0},"end":{"line":104,"column":45}},"104":{"start":{"line":105,"column":0},"end":{"line":105,"column":20}},"105":{"start":{"line":106,"column":0},"end":{"line":106,"column":21}},"106":{"start":{"line":107,"column":0},"end":{"line":107,"column":42}},"107":{"start":{"line":108,"column":0},"end":{"line":108,"column":32}},"108":{"start":{"line":109,"column":0},"end":{"line":109,"column":5}},"109":{"start":{"line":110,"column":0},"end":{"line":110,"column":0}},"110":{"start":{"line":111,"column":0},"end":{"line":111,"column":42}},"111":{"start":{"line":112,"column":0},"end":{"line":112,"column":16}},"112":{"start":{"line":113,"column":0},"end":{"line":113,"column":15}},"113":{"start":{"line":114,"column":0},"end":{"line":114,"column":3}},"114":{"start":{"line":115,"column":0},"end":{"line":115,"column":0}},"115":{"start":{"line":116,"column":0},"end":{"line":116,"column":49}},"116":{"start":{"line":117,"column":0},"end":{"line":117,"column":49}},"117":{"start":{"line":118,"column":0},"end":{"line":118,"column":56}},"118":{"start":{"line":119,"column":0},"end":{"line":119,"column":19}},"119":{"start":{"line":120,"column":0},"end":{"line":120,"column":14}},"120":{"start":{"line":121,"column":0},"end":{"line":121,"column":55}},"121":{"start":{"line":122,"column":0},"end":{"line":122,"column":45}},"122":{"start":{"line":123,"column":0},"end":{"line":123,"column":21}},"123":{"start":{"line":124,"column":0},"end":{"line":124,"column":26}},"124":{"start":{"line":125,"column":0},"end":{"line":125,"column":23}},"125":{"start":{"line":126,"column":0},"end":{"line":126,"column":6}},"126":{"start":{"line":127,"column":0},"end":{"line":127,"column":21}},"127":{"start":{"line":128,"column":0},"end":{"line":128,"column":35}},"128":{"start":{"line":129,"column":0},"end":{"line":129,"column":32}},"129":{"start":{"line":130,"column":0},"end":{"line":130,"column":5}},"130":{"start":{"line":131,"column":0},"end":{"line":131,"column":0}},"131":{"start":{"line":132,"column":0},"end":{"line":132,"column":39}},"132":{"start":{"line":133,"column":0},"end":{"line":133,"column":19}},"133":{"start":{"line":134,"column":0},"end":{"line":134,"column":3}},"134":{"start":{"line":135,"column":0},"end":{"line":135,"column":0}},"135":{"start":{"line":136,"column":0},"end":{"line":136,"column":33}},"136":{"start":{"line":137,"column":0},"end":{"line":137,"column":54}},"137":{"start":{"line":138,"column":0},"end":{"line":138,"column":36}},"138":{"start":{"line":139,"column":0},"end":{"line":139,"column":18}},"139":{"start":{"line":140,"column":0},"end":{"line":140,"column":14}},"140":{"start":{"line":141,"column":0},"end":{"line":141,"column":40}},"141":{"start":{"line":142,"column":0},"end":{"line":142,"column":5}},"142":{"start":{"line":143,"column":0},"end":{"line":143,"column":55}},"143":{"start":{"line":144,"column":0},"end":{"line":144,"column":0}},"144":{"start":{"line":145,"column":0},"end":{"line":145,"column":29}},"145":{"start":{"line":146,"column":0},"end":{"line":146,"column":16}},"146":{"start":{"line":147,"column":0},"end":{"line":147,"column":15}},"147":{"start":{"line":148,"column":0},"end":{"line":148,"column":19}},"148":{"start":{"line":149,"column":0},"end":{"line":149,"column":2}},"149":{"start":{"line":150,"column":0},"end":{"line":150,"column":0}},"150":{"start":{"line":151,"column":0},"end":{"line":151,"column":38}},"151":{"start":{"line":152,"column":0},"end":{"line":152,"column":23}},"152":{"start":{"line":153,"column":0},"end":{"line":153,"column":22}},"153":{"start":{"line":154,"column":0},"end":{"line":154,"column":14}},"154":{"start":{"line":155,"column":0},"end":{"line":155,"column":3}},"155":{"start":{"line":156,"column":0},"end":{"line":156,"column":0}},"156":{"start":{"line":157,"column":0},"end":{"line":157,"column":56}},"157":{"start":{"line":158,"column":0},"end":{"line":158,"column":55}},"158":{"start":{"line":159,"column":0},"end":{"line":159,"column":33}},"159":{"start":{"line":160,"column":0},"end":{"line":160,"column":19}},"160":{"start":{"line":161,"column":0},"end":{"line":161,"column":14}},"161":{"start":{"line":162,"column":0},"end":{"line":162,"column":54}},"162":{"start":{"line":163,"column":0},"end":{"line":163,"column":6}},"163":{"start":{"line":164,"column":0},"end":{"line":164,"column":30}},"164":{"start":{"line":165,"column":0},"end":{"line":165,"column":4}},"165":{"start":{"line":166,"column":0},"end":{"line":166,"column":53}},"166":{"start":{"line":167,"column":0},"end":{"line":167,"column":21}},"167":{"start":{"line":168,"column":0},"end":{"line":168,"column":37}},"168":{"start":{"line":169,"column":0},"end":{"line":169,"column":34}},"169":{"start":{"line":170,"column":0},"end":{"line":170,"column":7}},"170":{"start":{"line":171,"column":0},"end":{"line":171,"column":0}},"171":{"start":{"line":172,"column":0},"end":{"line":172,"column":26}},"172":{"start":{"line":173,"column":0},"end":{"line":173,"column":16}},"173":{"start":{"line":174,"column":0},"end":{"line":174,"column":19}},"174":{"start":{"line":175,"column":0},"end":{"line":175,"column":2}},"175":{"start":{"line":176,"column":0},"end":{"line":176,"column":0}},"176":{"start":{"line":177,"column":0},"end":{"line":177,"column":47}},"177":{"start":{"line":178,"column":0},"end":{"line":178,"column":49}},"178":{"start":{"line":179,"column":0},"end":{"line":179,"column":30}},"179":{"start":{"line":180,"column":0},"end":{"line":180,"column":19}},"180":{"start":{"line":181,"column":0},"end":{"line":181,"column":14}},"181":{"start":{"line":182,"column":0},"end":{"line":182,"column":54}},"182":{"start":{"line":183,"column":0},"end":{"line":183,"column":6}},"183":{"start":{"line":184,"column":0},"end":{"line":184,"column":30}},"184":{"start":{"line":185,"column":0},"end":{"line":185,"column":4}},"185":{"start":{"line":186,"column":0},"end":{"line":186,"column":53}},"186":{"start":{"line":187,"column":0},"end":{"line":187,"column":21}},"187":{"start":{"line":188,"column":0},"end":{"line":188,"column":37}},"188":{"start":{"line":189,"column":0},"end":{"line":189,"column":34}},"189":{"start":{"line":190,"column":0},"end":{"line":190,"column":7}},"190":{"start":{"line":191,"column":0},"end":{"line":191,"column":0}},"191":{"start":{"line":192,"column":0},"end":{"line":192,"column":72}},"192":{"start":{"line":193,"column":0},"end":{"line":193,"column":61}},"193":{"start":{"line":194,"column":0},"end":{"line":194,"column":34}},"194":{"start":{"line":195,"column":0},"end":{"line":195,"column":19}},"195":{"start":{"line":196,"column":0},"end":{"line":196,"column":14}},"196":{"start":{"line":197,"column":0},"end":{"line":197,"column":54}},"197":{"start":{"line":198,"column":0},"end":{"line":198,"column":6}},"198":{"start":{"line":199,"column":0},"end":{"line":199,"column":30}},"199":{"start":{"line":200,"column":0},"end":{"line":200,"column":4}},"200":{"start":{"line":201,"column":0},"end":{"line":201,"column":59}},"201":{"start":{"line":202,"column":0},"end":{"line":202,"column":21}},"202":{"start":{"line":203,"column":0},"end":{"line":203,"column":37}},"203":{"start":{"line":204,"column":0},"end":{"line":204,"column":34}},"204":{"start":{"line":205,"column":0},"end":{"line":205,"column":7}},"205":{"start":{"line":206,"column":0},"end":{"line":206,"column":0}},"206":{"start":{"line":207,"column":0},"end":{"line":207,"column":60}},"207":{"start":{"line":208,"column":0},"end":{"line":208,"column":78}},"208":{"start":{"line":209,"column":0},"end":{"line":209,"column":40}},"209":{"start":{"line":210,"column":0},"end":{"line":210,"column":19}},"210":{"start":{"line":211,"column":0},"end":{"line":211,"column":14}},"211":{"start":{"line":212,"column":0},"end":{"line":212,"column":54}},"212":{"start":{"line":213,"column":0},"end":{"line":213,"column":6}},"213":{"start":{"line":214,"column":0},"end":{"line":214,"column":30}},"214":{"start":{"line":215,"column":0},"end":{"line":215,"column":4}},"215":{"start":{"line":216,"column":0}
[...]
2,"162":2,"163":2,"164":2,"165":2,"166":2,"167":2,"168":1,"169":2,"170":1,"171":1,"172":1,"173":1,"174":1,"175":1,"176":1,"177":1,"178":2,"179":2,"180":2,"181":2,"182":2,"183":2,"184":2,"185":2,"186":2,"187":2,"188":1,"189":2,"190":1,"191":1,"192":1,"193":2,"194":2,"195":2,"196":2,"197":2,"198":2,"199":2,"200":2,"201":2,"202":2,"203":1,"204":2,"205":1,"206":1,"207":1,"208":2,"209":2,"210":2,"211":2,"212":2,"213":2,"214":2,"215":2,"216":2,"217":2,"218":1,"219":2,"220":1,"221":1,"222":1,"223":1,"224":1,"225":1,"226":1,"227":1,"228":1,"229":1,"230":1,"231":1,"232":1,"233":1,"234":1,"235":1,"236":1,"237":1,"238":1,"239":1,"240":1,"241":1,"242":1,"243":1,"244":1,"245":1,"246":1,"247":1,"248":1,"249":1,"250":1,"251":1,"252":1},"branchMap":{"0":{"type":"branch","line":7,"loc":{"start":{"line":7,"column":22},"end":{"line":8,"column":70}},"locations":[{"start":{"line":7,"column":22},"end":{"line":8,"column":70}}]},"1":{"type":"branch","line":8,"loc":{"start":{"line":8,"column":9},"end":{"line":8,"column":21}},"locations":[{"start":{"line":8,"column":9},"end":{"line":8,"column":21}}]},"2":{"type":"branch","line":8,"loc":{"start":{"line":8,"column":22},"end":{"line":8,"column":69}},"locations":[{"start":{"line":8,"column":22},"end":{"line":8,"column":69}}]},"3":{"type":"branch","line":8,"loc":{"start":{"line":8,"column":40},"end":{"line":8,"column":56}},"locations":[{"start":{"line":8,"column":40},"end":{"line":8,"column":56}}]},"4":{"type":"branch","line":22,"loc":{"start":{"line":22,"column":28},"end":{"line":40,"column":7}},"locations":[{"start":{"line":22,"column":28},"end":{"line":40,"column":7}}]},"5":{"type":"branch","line":32,"loc":{"start":{"line":32,"column":10},"end":{"line":32,"column":32}},"locations":[{"start":{"line":32,"column":10},"end":{"line":32,"column":32}}]},"6":{"type":"branch","line":33,"loc":{"start":{"line":33,"column":10},"end":{"line":40,"column":5}},"locations":[{"start":{"line":33,"column":10},"end":{"line":40,"column":5}}]},"7":{"type":"branch","line":34,"loc":{"start":{"line":34,"column":32},"end":{"line":36,"column":7}},"locations":[{"start":{"line":34,"column":32},"end":{"line":36,"column":7}}]},"8":{"type":"branch","line":43,"loc":{"start":{"line":43,"column":32},"end":{"line":63,"column":2}},"locations":[{"start":{"line":43,"column":32},"end":{"line":63,"column":2}}]},"9":{"type":"branch","line":46,"loc":{"start":{"line":46,"column":-1},"end":{"line":63,"column":2}},"locations":[{"start":{"line":46,"column":-1},"end":{"line":63,"column":2}}]},"10":{"type":"branch","line":49,"loc":{"start":{"line":49,"column":4},"end":{"line":49,"column":39}},"locations":[{"start":{"line":49,"column":4},"end":{"line":49,"column":39}}]},"11":{"type":"branch","line":58,"loc":{"start":{"line":58,"column":6},"end":{"line":58,"column":41}},"locations":[{"start":{"line":58,"column":6},"end":{"line":58,"column":41}}]},"12":{"type":"branch","line":60,"loc":{"start":{"line":60,"column":6},"end":{"line":60,"column":33}},"locations":[{"start":{"line":60,"column":6},"end":{"line":60,"column":33}}]},"13":{"type":"branch","line":81,"loc":{"start":{"line":81,"column":33},"end":{"line":87,"column":7}},"locations":[{"start":{"line":81,"column":33},"end":{"line":87,"column":7}}]},"14":{"type":"branch","line":83,"loc":{"start":{"line":83,"column":10},"end":{"line":83,"column":32}},"locations":[{"start":{"line":83,"column":10},"end":{"line":83,"column":32}}]},"15":{"type":"branch","line":84,"loc":{"start":{"line":84,"column":10},"end":{"line":87,"column":5}},"locations":[{"start":{"line":84,"column":10},"end":{"line":87,"column":5}}]},"16":{"type":"branch","line":85,"loc":{"start":{"line":85,"column":14},"end":{"line":85,"column":16}},"locations":[{"start":{"line":85,"column":14},"end":{"line":85,"column":16}}]},"17":{"type":"branch","line":85,"loc":{"start":{"line":85,"column":25},"end":{"line":87,"column":5}},"locations":[{"start":{"line":85,"column":25},"end":{"line":87,"column":5}}]},"18":{"type":"branch","line":90,"loc":{"start":{"line":90,"column":27},"end":{"line":96,"column":7}},"locations":[{"start":{"line":90,"column":27},"end":{"line":96,"column":7}}]},"19":{"type":"branch","line":92,"loc":{"start":{"line":92,"column":10},"end":{"line":92,"column":32}},"locations":[{"start":{"line":92,"column":10},"end":{"line":92,"column":32}}]},"20":{"type":"branch","line":93,"loc":{"start":{"line":93,"column":10},"end":{"line":96,"column":5}},"locations":[{"start":{"line":93,"column":10},"end":{"line":96,"column":5}}]},"21":{"type":"branch","line":94,"loc":{"start":{"line":94,"column":14},"end":{"line":94,"column":16}},"locations":[{"start":{"line":94,"column":14},"end":{"line":94,"column":16}}]},"22":{"type":"branch","line":94,"loc":{"start":{"line":94,"column":25},"end":{"line":96,"column":5}},"locations":[{"start":{"line":94,"column":25},"end":{"line":96,"column":5}}]},"23":{"type":"branch","line":99,"loc":{"start":{"line":99,"column":28},"end":{"line":109,"column":5}},"locations":[{"start":{"line":99,"column":28},"end":{"line":109,"column":5}}]},"24":{"type":"branch","line":106,"loc":{"start":{"line":106,"column":10},"end":{"line":109,"column":3}},"locations":[{"start":{"line":106,"column":10},"end":{"line":109,"column":3}}]},"25":{"type":"branch","line":107,"loc":{"start":{"line":107,"column":12},"end":{"line":107,"column":14}},"locations":[{"start":{"line":107,"column":12},"end":{"line":107,"column":14}}]},"26":{"type":"branch","line":107,"loc":{"start":{"line":107,"column":23},"end":{"line":109,"column":3}},"locations":[{"start":{"line":107,"column":23},"end":{"line":109,"column":3}}]},"27":{"type":"branch","line":117,"loc":{"start":{"line":117,"column":30},"end":{"line":130,"column":5}},"locations":[{"start":{"line":117,"column":30},"end":{"line":130,"column":5}}]},"28":{"type":"branch","line":127,"loc":{"start":{"line":127,"column":10},"end":{"line":130,"column":3}},"locations":[{"start":{"line":127,"column":10},"end":{"line":130,"column":3}}]},"29":{"type":"branch","line":128,"loc":{"start":{"line":128,"column":12},"end":{"line":128,"column":14}},"locations":[{"start":{"line":128,"column":12},"end":{"line":128,"column":14}}]},"30":{"type":"branch","line":128,"loc":{"start":{"line":128,"column":23},"end":{"line":130,"column":3}},"locations":[{"start":{"line":128,"column":23},"end":{"line":130,"column":3}}]},"31":{"type":"branch","line":137,"loc":{"start":{"line":137,"column":35},"end":{"line":143,"column":55}},"locations":[{"start":{"line":137,"column":35},"end":{"line":143,"column":55}}]},"32":{"type":"branch","line":143,"loc":{"start":{"line":143,"column":10},"end":{"line":143,"column":32}},"locations":[{"start":{"line":143,"column":10},"end":{"line":143,"column":32}}]},"33":{"type":"branch","line":158,"loc":{"start":{"line":158,"column":31},"end":{"line":170,"column":7}},"locations":[{"start":{"line":158,"column":31},"end":{"line":170,"column":7}}]},"34":{"type":"branch","line":166,"loc":{"start":{"line":166,"column":10},"end":{"line":166,"column":32}},"locations":[{"start":{"line":166,"column":10},"end":{"line":166,"column":32}}]},"35":{"type":"branch","line":167,"loc":{"start":{"line":167,"column":10},"end":{"line":170,"column":5}},"locations":[{"start":{"line":167,"column":10},"end":{"line":170,"column":5}}]},"36":{"type":"branch","line":168,"loc":{"start":{"line":168,"column":14},"end":{"line":168,"column":16}},"locations":[{"start":{"line":168,"column":14},"end":{"line":168,"column":16}}]},"37":{"type":"branch","line":168,"loc":{"start":{"line":168,"column":25},"end":{"line":170,"column":5}},"locations":[{"start":{"line":168,"column":25},"end":{"line":170,"column":5}}]},"38":{"type":"branch","line":178,"loc":{"start":{"line":178,"column":28},"end":{"line":190,"column":7}},"locations":[{"start":{"line":178,"column":28},"end":{"line":190,"column":7}}]},"39":{"type":"branch","line":186,"loc":{"start":{"line":186,"column":10},"end":{"line":186,"column":32}},"locations":[{"start":{"line":186,"column":10},"end":{"line":186,"column":32}}]},"40":{"type":"branch","line":187,"loc":{"start":{"line":187,"column":10},"end":{"line":190,"column":5}},"locations":[{"start":{"line":187,"column":10},"end":{"line":190,"column":5}}]},"41":{"type":"branch","line":188,"loc":{"start":{"line":188,"column":14},"end":{"line":188,"column":16}},"locations":[{"start":{"line":188,"column":14},"end":{"line":188,"column":16}}]},"42":{"type":"branch","line":188,"loc":{"start":{"line":188,"column":25},"end":{"line":190,"column":5}},"locations":[{"start":{"line":188,"column":25},"end":{"line":190,"column":5}}]},"43":{"type":"branch","line":193,"loc":{"start":{"line":193,"column":33},"end":{"line":205,"column":7}},"locations":[{"start":{"line":193,"column":33},"end":{"line":205,"column":7}}]},"44":{"type":"branch","line":201,"loc":{"start":{"line":201,"column":10},"end":{"line":201,"column":32}},"locations":[{"start":{"line":201,"column":10},"end":{"line":201,"column":32}}]},"45":{"type":"branch","line":202,"loc":{"start":{"line":202,"column":10},"end":{"line":205,"column":5}},"locations":[{"start":{"line":202,"column":10},"end":{"line":205,"column":5}}]},"46":{"type":"branch","line":203,"loc":{"start":{"line":203,"column":14},"end":{"line":203,"column":16}},"locations":[{"start":{"line":203,"column":14},"end":{"line":203,"column":16}}]},"47":{"type":"branch","line":203,"loc":{"start":{"line":203,"column":25},"end":{"line":205,"column":5}},"locations":[{"start":{"line":203,"column":25},"end":{"line":205,"column":5}}]},"48":{"type":"branch","line":208,"loc":{"start":{"line":208,"column":32},"end":{"line":220,"column":7}},"locations":[{"start":{"line":208,"column":32},"end":{"line":220,"column":7}}]},"49":{"type":"branch","line":216,"loc":{"start":{"line":216,"column":10},"end":{"line":216,"column":32}},"locations":[{"start":{"line":216,"column":10},"end":{"line":216,"column":32}}]},"50":{"type":"branch","line":217,"loc":{"start":{"line":217,"column":10},"end":{"line":220,"column":5}},"locations":[{"start":{"line":217,"column":10},"end":{"line":220,"column":5}}]},"51":{"type":"branch","line":218,"loc":{"start":{"line":218,"column":14},"end":{"line":218,"column":16}},"locations":[{"start":{"line":218,"column":14},"end":{"line":218,"column":16}}]},"52":{"type":"branch","line":218,"loc":{"start":{"line":218,"column":25},"end":{"line":220,"column":5}},"locations":[{"start":{"line":218,"column":25},"end":{"line":220,"column":5}}]},"53":{"type":"branch","line":225,"loc":{"start":{"line":225,"column":26},"end":{"line":230,"column":5}},"locations":[{"start":{"line":225,"column":26},"end":{"line":230,"column":5}}]},"54":{"type":"branch","line":233,"loc":{"start":{"line":233,"column":29},"end":{"line":241,"column":5}},"locations":[{"start":{"line":233,"column":29},"end":{"line":241,"column":5}}]},"55":{"type":"branch","line":244,"loc":{"start":{"line":244,"column":25},"end":{"line":253,"column":60}},"locations":[{"start":{"line":244,"column":25},"end":{"line":253,"column":60}}]},"56":{"type":"branch","line":253,"loc":{"start":{"line":253,"column":10},"end":{"line":253,"column":32}},"locations":[{"start":{"line":253,"column":10},"end":{"line":253,"column":32}}]}},"b":{"0":[22],"1":[21],"2":[1],"3":[1],"4":[2],"5":[2],"6":[1],"7":[0],"8":[6],"9":[6],"10":[6],"11":[0],"12":[0],"13":[2],"14":[2],"15":[2],"16":[0],"17":[1],"18":[2],"19":[2],"20":[2],"21":[0],"22":[1],"23":[2],"24":[2],"25":[0],"26":[1],"27":[2],"28":[2],"29":[0],"30":[1],"31":[1],"32":[1],"33":[2],"34":[2],"35":[2],"36":[0],"37":[1],"38":[2],"39":[2],"40":[2],"41":[0],"42":[1],"43":[2],"44":[2],"45":[2],"46":[0],"47":[1],"48":[2],"49":[2],"50":[2],"51":[0],"52":[1],"53":[1],"54":[1],"55":[1],"56":[1]},"fnMap":{"0":{"name":"checkResponse","decl":{"start":{"line":7,"column":22},"end":{"line":8,"column":70}},"loc":{"start":{"line":7,"column":22},"end":{"line":8,"column":70}},"line":7},"1":{"name":"refreshToken","decl":{"start":{"line":22,"column":28},"end":{"line":40,"column":7}},"loc":{"start":{"line":22,"column":28},"end":{"line":40,"column":7}},"line":22},"2":{"name":"fetchWithRefresh","decl":{"start":{"line":43,"column":32},"end":{"line":63,"column":2}},"loc":{"start":{"line":43,"column":32},"end":{"line":63,"column":2}},"line":43},"3":{"name":"getIngredientsApi","decl":{"start":{"line":81,"column":33},"end":{"line":87,"column":7}},"loc":{"start":{"line":81,"column":33},"end":{"line":87,"column":7}},"line":81},"4":{"name":"getFeedsApi","decl":{"start":{"line":90,"column":27},"end":{"line":96,"column":7}},"loc":{"start":{"line":90,"column":27},"end":{"line":96,"column":7}},"line":90},"5":{"name":"getOrdersApi","decl":{"start":{"line":99,"column":28},"end":{"line":109,"column":5}},"loc":{"start":{"line":99,"column":28},"end":{"line":109,"column":5}},"line":99},"6":{"name":"orderBurgerApi","decl":{"start":{"line":117,"column":30},"end":{"line":130,"column":5}},"loc":{"start":{"line":117,"column":30},"end":{"line":130,"column":5}},"line":117},"7":{"name":"getOrderByNumberApi","decl":{"start":{"line":137,"column":35},"end":{"line":143,"column":55}},"loc":{"start":{"line":137,"column":35},"end":{"line":143,"column":55}},"line":137},"8":{"name":"registerUserApi","decl":{"start":{"line":158,"column":31},"end":{"line":170,"column":7}},"loc":{"start":{"line":158,"column":31},"end":{"line":170,"column":7}},"line":158},"9":{"name":"loginUserApi","decl":{"start":{"line":178,"column":28},"end":{"line":190,"column":7}},"loc":{"start":{"line":178,"column":28},"end":{"line":190,"column":7}},"line":178},"10":{"name":"forgotPasswordApi","decl":{"start":{"line":193,"column":33},"end":{"line":205,"column":7}},"loc":{"start":{"line":193,"column":33},"end":{"line":205,"column":7}},"line":193},"11":{"name":"resetPasswordApi","decl":{"start":{"line":208,"column":32},"end":{"line":220,"column":7}},"loc":{"start":{"line":208,"column":32},"end":{"line":220,"column":7}},"line":208},"12":{"name":"getUserApi","decl":{"start":{"line":225,"column":26},"end":{"line":230,"column":5}},"loc":{"start":{"line":225,"column":26},"end":{"line":230,"column":5}},"line":225},"13":{"name":"updateUserApi","decl":{"start":{"line":233,"column":29},"end":{"line":241,"column":5}},"loc":{"start":{"line":233,"column":29},"end":{"line":241,"column":5}},"line":233},"14":{"name":"logoutApi","decl":{"start":{"line":244,"column":25},"end":{"line":253,"column":60}},"loc":{"start":{"line":244,"column":25},"end":{"line":253,"column":60}},"line":244}},"f":{"0":22,"1":2,"2":6,"3":2,"4":2,"5":2,"6":2,"7":1,"8":2,"9":2,"10":2,"11":2,"12":1,"13":1,"14":1}}
,"C:\\Users\\BOSS\\dev\\stellar-burgers\\src\\utils\\cookie.ts": {"path":"C:\\Users\\BOSS\\dev\\stellar-burgers\\src\\utils\\cookie.ts","all":false,"statementMap":{"0":{"start":{"line":1,"column":0},"end":{"line":1,"column":61}},"1":{"start":{"line":2,"column":0},"end":{"line":2,"column":40}},"2":{"start":{"line":3,"column":0},"end":{"line":3,"column":15}},"3":{"start":{"line":4,"column":0},"end":{"line":4,"column":18}},"4":{"start":{"line":5,"column":0},"end":{"line":5,"column":53}},"5":{"start":{"line":6,"column":0},"end":{"line":6,"column":62}},"6":{"start":{"line":7,"column":0},"end":{"line":7,"column":18}},"7":{"start":{"line":8,"column":0},"end":{"line":8,"column":5}},"8":{"start":{"line":9,"column":0},"end":{"line":9,"column":4}},"9":{"start":{"line":10,"column":0},"end":{"line":10,"column":62}},"10":{"start":{"line":11,"column":0},"end":{"line":11,"column":1}},"11":{"start":{"line":12,"column":0},"end":{"line":12,"column":0}},"12":{"start":{"line":13,"column":0},"end":{"line":13,"column":26}},"13":{"start":{"line":14,"column":0},"end":{"line":14,"column":15}},"14":{"start":{"line":15,"column":0},"end":{"line":15,"column":16}},"15":{"start":{"line":16,"column":0},"end":{"line":16,"column":65}},"16":{"start":{"line":17,"column":0},"end":{"line":17,"column":3}},"17":{"start":{"line":18,"column":0},"end":{"line":18,"column":11}},"18":{"start":{"line":19,"column":0},"end":{"line":19,"column":14}},"19":{"start":{"line":20,"column":0},"end":{"line":20,"column":12}},"20":{"start":{"line":21,"column":0},"end":{"line":21,"column":4}},"21":{"start":{"line":22,"column":0},"end":{"line":22,"column":0}},"22":{"start":{"line":23,"column":0},"end":{"line":23,"column":26}},"23":{"start":{"line":24,"column":0},"end":{"line":24,"column":39}},"24":{"start":{"line":25,"column":0},"end":{"line":25,"column":25}},"25":{"start":{"line":26,"column":0},"end":{"line":26,"column":40}},"26":{"start":{"line":27,"column":0},"end":{"line":27,"column":28}},"27":{"start":{"line":28,"column":0},"end":{"line":28,"column":3}},"28":{"start":{"line":29,"column":0},"end":{"line":29,"column":0}},"29":{"start":{"line":30,"column":0},"end":{"line":30,"column":35}},"30":{"start":{"line":31,"column":0},"end":{"line":31,"column":38}},"31":{"start":{"line":32,"column":0},"end":{"line":32,"column":3}},"32":{"start":{"line":33,"column":0},"end":{"line":33,"column":36}},"33":{"start":{"line":34,"column":0},"end":{"line":34,"column":41}},"34":{"start":{"line":35,"column":0},"end":{"line":35,"column":33}},"35":{"start":{"line":36,"column":0},"end":{"line":36,"column":37}},"36":{"start":{"line":37,"column":0},"end":{"line":37,"column":38}},"37":{"start":{"line":38,"column":0},"end":{"line":38,"column":29}},"38":{"start":{"line":39,"column":0},"end":{"line":39,"column":39}},"39":{"start":{"line":40,"column":0},"end":{"line":40,"column":5}},"40":{"start":{"line":41,"column":0},"end":{"line":41,"column":3}},"41":{"start":{"line":42,"column":0},"end":{"line":42,"column":34}},"42":{"start":{"line":43,"column":0},"end":{"line":43,"column":1}},"43":{"start":{"line":44,"column":0},"end":{"line":44,"column":0}},"44":{"start":{"line":45,"column":0},"end":{"line":45,"column":44}},"45":{"start":{"line":46,"column":0},"end":{"line":46,"column":39}},"46":{"start":{"line":47,"column":0},"end":{"line":47,"column":1}}},"s":{"0":6,"1":6,"2":6,"3":6,"4":6,"5":6,"6":6,"7":6,"8":6,"9":6,"10":6,"11":1,"12":1,"13":1,"14":1,"15":1,"16":1,"17":1,"18":1,"19":1,"20":1,"21":1,"22":1,"23":1,"24":0,"25":0,"26":0,"27":0,"28":1,"29":1,"30":0,"31":0,"32":1,"33":1,"34":1,"35":1,"36":1,"37":1,"38":1,"39":1,"40":1,"41":1,"42":1,"43":1,"44":0,"45":0,"46":0},"branchMap":{"0":{"type":"branch","line":1,"loc":{"start":{"line":1,"column":0},"end":{"line":11,"column":1}},"locations":[{"start":{"line":1,"column":0},"end":{"line":11,"column":1}}]},"1":{"type":"branch","line":10,"loc":{"start":{"line":10,"column":50},"end":{"line":10,"column":61}},"locations":[{"start":{"line":10,"column":50},"end":{"line":10,"column":61}}]},"2":{"type":"branch","line":13,"loc":{"start":{"line":13,"column":0},"end":{"line":43,"column":1}},"locations":[{"start":{"line":13,"column":0},"end":{"line":43,"column":1}}]},"3":{"type":"branch","line":24,"loc":{"start":{"line":24,"column":9},"end":{"line":24,"column":36}},"locations":[{"start":{"line":24,"column":9},"end":{"line":24,"column":36}}]},"4":{"type":"branch","line":24,"loc":{"start":{"line":24,"column":38},"end":{"line":28,"column":3}},"locations":[{"start":{"line":24,"column":38},"end":{"line":28,"column":3}}]},"5":{"type":"branch","line":30,"loc":{"start":{"line":30,"column":9},"end":{"line":30,"column":32}},"locations":[{"start":{"line":30,"column":9},"end":{"line":30,"column":32}}]},"6":{"type":"branch","line":30,"loc":{"start":{"line":30,"column":34},"end":{"line":32,"column":3}},"locations":[{"start":{"line":30,"column":34},"end":{"line":32,"column":3}}]}},"b":{"0":[6],"1":[0],"2":[1],"3":[0],"4":[0],"5":[0],"6":[0]},"fnMap":{"0":{"name":"getCookie","decl":{"start":{"line":1,"column":0},"end":{"line":11,"column":1}},"loc":{"start":{"line":1,"column":0},"end":{"line":11,"column":1}},"line":1},"1":{"name":"setCookie","decl":{"start":{"line":13,"column":0},"end":{"line":43,"column":1}},"loc":{"start":{"line":13,"column":0},"end":{"line":43,"column":1}},"line":13},"2":{"name":"deleteCookie","decl":{"start":{"line":45,"column":0},"end":{"line":47,"column":1}},"loc":{"start":{"line":45,"column":0},"end":{"line":47,"column":1}},"line":45}},"f":{"0":6,"1":1,"2":0}}
}
