TN:
SF:src\slices\mockData.ts
FNF:0
FNH:0
DA:1,1
DA:2,1
DA:3,1
DA:4,1
DA:5,1
DA:6,1
DA:7,1
DA:8,1
DA:9,1
DA:10,1
DA:11,1
DA:12,1
DA:13,1
DA:14,1
DA:15,1
DA:16,1
DA:17,1
DA:18,1
DA:19,1
DA:20,1
DA:21,1
DA:22,1
DA:23,1
DA:24,1
DA:25,1
DA:26,1
DA:27,1
DA:28,1
DA:29,1
DA:30,1
DA:31,1
DA:32,1
DA:33,1
DA:34,1
DA:35,1
DA:36,1
DA:37,1
DA:38,1
DA:39,1
DA:40,1
DA:41,1
DA:42,1
DA:43,1
DA:44,1
DA:45,1
DA:46,1
DA:47,1
DA:48,1
DA:49,1
DA:50,1
DA:51,1
DA:52,1
DA:53,1
DA:54,1
DA:55,1
DA:56,1
DA:57,1
DA:58,1
DA:59,1
DA:60,1
DA:61,1
DA:62,1
DA:63,1
DA:64,1
DA:65,1
DA:66,1
DA:67,1
DA:68,1
DA:69,1
DA:70,1
DA:71,1
DA:72,1
DA:73,1
DA:74,1
DA:75,1
DA:76,1
DA:77,1
DA:78,1
DA:79,1
DA:80,1
DA:81,1
DA:82,1
DA:83,1
DA:84,1
DA:85,1
DA:86,1
DA:87,1
DA:88,1
DA:89,1
DA:90,1
DA:91,1
DA:92,1
DA:93,1
DA:94,1
DA:95,1
DA:96,1
DA:97,1
DA:98,1
DA:99,1
DA:100,1
DA:101,1
DA:102,1
DA:103,1
DA:104,1
DA:105,1
DA:106,1
DA:107,1
DA:108,1
DA:109,1
DA:110,1
DA:111,1
DA:112,1
DA:113,1
DA:114,1
DA:115,1
DA:116,1
DA:117,1
DA:118,1
DA:119,1
DA:120,1
DA:121,1
DA:122,1
DA:123,1
DA:124,1
DA:125,1
DA:126,1
DA:127,1
DA:128,1
DA:129,1
DA:130,1
DA:131,1
DA:132,1
DA:133,1
DA:134,1
DA:135,1
DA:136,1
DA:137,1
DA:138,1
DA:139,1
DA:140,1
DA:141,1
DA:142,1
DA:143,1
DA:144,1
DA:145,1
DA:146,1
DA:147,1
DA:148,1
DA:149,1
DA:150,1
DA:151,1
DA:152,1
DA:153,1
DA:154,1
DA:155,1
DA:156,1
DA:157,1
DA:158,1
DA:159,1
DA:160,1
DA:161,1
DA:162,1
DA:163,1
DA:164,1
DA:165,1
DA:166,1
DA:167,1
DA:168,1
DA:169,1
DA:170,1
DA:171,1
DA:172,1
DA:173,1
DA:174,1
DA:175,1
DA:176,1
DA:177,1
DA:178,1
DA:179,1
DA:180,1
DA:181,1
DA:182,1
DA:183,1
DA:184,1
DA:185,1
DA:186,1
DA:187,1
DA:188,1
DA:189,1
DA:190,1
DA:191,1
DA:192,1
DA:193,1
DA:194,1
DA:195,1
DA:196,1
DA:197,1
DA:198,1
DA:199,1
DA:200,1
DA:201,1
DA:202,1
DA:203,1
DA:204,1
DA:205,1
DA:206,1
DA:207,1
LF:207
LH:207
BRF:0
BRH:0
end_of_record
TN:
SF:src\slices\stellar-burger-slice.ts
FN:74,addIngredientAction
FN:86,addIngredient
FN:97,closeOrderRequest
FN:106,removeOrders
FN:110,removeUserOrders
FN:114,init
FN:118,openModal
FN:122,closeModal
FN:126,deleteIngredient
FN:136,setErrorText
FN:140,removeErrorText
FN:144,moveIngredientUp
FN:157,moveIngredientDown
FN:171,selectIngredients
FN:172,selectLoading
FN:173,selectOrderModalData
FN:174,selectConstructorItems
FN:175,selectOrderRequest
FN:176,selectUser
FN:177,selectOrders
FN:178,selectTotalOrders
FN:179,selectTodayOrders
FN:180,selectUserOrders
FN:181,selectIsAuthenticated
FN:182,selectIsInit
FN:183,selectIsModalOpened
FN:184,selectErrorText
FN:186,extraReducers
FNF:28
FNH:27
FNDA:0,addIngredientAction
FNDA:2,addIngredient
FNDA:1,closeOrderRequest
FNDA:1,removeOrders
FNDA:1,removeUserOrders
FNDA:1,init
FNDA:1,openModal
FNDA:1,closeModal
FNDA:1,deleteIngredient
FNDA:2,setErrorText
FNDA:1,removeErrorText
FNDA:1,moveIngredientUp
FNDA:1,moveIngredientDown
FNDA:1,selectIngredients
FNDA:1,selectLoading
FNDA:1,selectOrderModalData
FNDA:9,selectConstructorItems
FNDA:1,selectOrderRequest
FNDA:1,selectUser
FNDA:2,selectOrders
FNDA:1,selectTotalOrders
FNDA:1,selectTodayOrders
FNDA:2,selectUserOrders
FNDA:1,selectIsAuthenticated
FNDA:2,selectIsInit
FNDA:3,selectIsModalOpened
FNDA:2,selectErrorText
FNDA:2,extraReducers
DA:1,1
DA:2,1
DA:3,1
DA:4,1
DA:5,1
DA:6,1
DA:7,1
DA:8,1
DA:9,1
DA:10,1
DA:11,1
DA:12,1
DA:13,1
DA:14,1
DA:15,1
DA:16,1
DA:17,1
DA:18,1
DA:19,1
DA:20,1
DA:21,1
DA:22,1
DA:23,1
DA:24,1
DA:25,1
DA:26,1
DA:27,1
DA:28,1
DA:29,1
DA:30,1
DA:31,1
DA:32,1
DA:33,1
DA:34,1
DA:35,1
DA:36,1
DA:37,1
DA:38,1
DA:39,1
DA:40,1
DA:41,1
DA:42,1
DA:43,1
DA:44,1
DA:45,1
DA:46,1
DA:47,1
DA:48,1
DA:49,1
DA:50,1
DA:51,1
DA:52,1
DA:53,1
DA:54,1
DA:55,1
DA:56,1
DA:57,1
DA:58,1
DA:59,1
DA:60,1
DA:61,1
DA:62,1
DA:63,1
DA:64,1
DA:65,1
DA:66,1
DA:67,1
DA:68,1
DA:69,1
DA:70,1
DA:71,1
DA:72,1
DA:73,1
DA:74,1
DA:75,1
DA:76,1
DA:77,1
DA:78,1
DA:79,1
DA:80,1
DA:81,1
DA:82,1
DA:83,1
DA:84,1
DA:85,1
DA:86,1
DA:87,2
DA:88,1
DA:89,1
DA:90,1
DA:91,1
DA:92,1
DA:93,1
DA:94,1
DA:95,1
DA:96,1
DA:97,1
DA:98,1
DA:99,1
DA:100,1
DA:101,1
DA:102,1
DA:103,1
DA:104,1
DA:105,1
DA:106,1
DA:107,1
DA:108,1
DA:109,1
DA:110,1
DA:111,1
DA:112,1
DA:113,1
DA:114,1
DA:115,1
DA:116,1
DA:117,1
DA:118,1
DA:119,1
DA:120,1
DA:121,1
DA:122,1
DA:123,1
DA:124,1
DA:125,1
DA:126,1
DA:127,1
DA:128,1
DA:129,1
DA:130,1
DA:131,1
DA:132,1
DA:133,1
DA:134,1
DA:135,1
DA:136,1
DA:137,2
DA:138,1
DA:139,1
DA:140,1
DA:141,1
DA:142,1
DA:143,1
DA:144,1
DA:145,1
DA:146,1
DA:147,1
DA:148,1
DA:149,1
DA:150,1
DA:151,1
DA:152,1
DA:153,1
DA:154,1
DA:155,1
DA:156,1
DA:157,1
DA:158,1
DA:159,1
DA:160,1
DA:161,1
DA:162,1
DA:163,1
DA:164,1
DA:165,1
DA:166,1
DA:167,1
DA:168,1
DA:169,1
DA:170,1
DA:171,1
DA:172,1
DA:173,1
DA:174,1
DA:175,1
DA:176,1
DA:177,1
DA:178,1
DA:179,1
DA:180,1
DA:181,1
DA:182,1
DA:183,1
DA:184,1
DA:185,1
DA:186,1
DA:187,2
DA:188,2
DA:189,2
DA:190,1
DA:191,2
DA:192,2
DA:193,1
DA:194,1
DA:195,2
DA:196,2
DA:197,1
DA:198,2
DA:199,2
DA:200,2
DA:201,1
DA:202,2
DA:203,2
DA:204,1
DA:205,2
DA:206,2
DA:207,1
DA:208,1
DA:209,2
DA:210,2
DA:211,2
DA:212,1
DA:213,1
DA:214,2
DA:215,2
DA:216,1
DA:217,1
DA:218,2
DA:219,2
DA:220,1
DA:221,1
DA:222,1
DA:223,2
DA:224,2
DA:225,2
DA:226,1
DA:227,1
DA:228,2
DA:229,2
DA:230,1
DA:231,1
DA:232,2
DA:233,2
DA:234,1
DA:235,1
DA:236,1
DA:237,2
DA:238,2
DA:239,2
DA:240,1
DA:241,1
DA:242,2
DA:243,2
DA:244,1
DA:245,1
DA:246,1
DA:247,2
DA:248,2
DA:249,1
DA:250,1
DA:251,1
DA:252,1
DA:253,2
DA:254,2
DA:255,2
DA:256,1
DA:257,2
DA:258,2
DA:259,1
DA:260,2
DA:261,2
DA:262,1
DA:263,1
DA:264,1
DA:265,1
DA:266,2
DA:267,2
DA:268,2
DA:269,1
DA:270,2
DA:271,2
DA:272,1
DA:273,2
DA:274,2
DA:275,1
DA:276,1
DA:277,2
DA:278,2
DA:279,2
DA:280,1
DA:281,2
DA:282,2
DA:283,1
DA:284,1
DA:285,1
DA:286,1
DA:287,2
DA:288,2
DA:289,1
DA:290,1
DA:291,1
DA:292,1
DA:293,1
DA:294,1
DA:295,1
DA:296,2
DA:297,2
DA:298,2
DA:299,1
DA:300,1
DA:301,2
DA:302,2
DA:303,1
DA:304,1
DA:305,2
DA:306,2
DA:307,1
DA:308,1
DA:309,1
DA:310,1
DA:311,1
DA:312,2
DA:313,2
DA:314,1
DA:315,1
DA:316,1
DA:317,1
DA:318,1
DA:319,1
DA:320,1
DA:321,1
DA:322,1
DA:323,1
DA:324,1
DA:325,1
DA:326,1
DA:327,1
DA:328,1
DA:329,1
DA:330,1
DA:331,1
DA:332,0
DA:333,0
DA:334,0
DA:335,0
DA:336,0
DA:337,0
DA:338,0
DA:339,0
DA:340,0
DA:341,0
DA:342,1
DA:343,1
DA:344,1
DA:345,1
DA:346,1
DA:347,1
DA:348,1
DA:349,1
DA:350,1
DA:351,1
DA:352,1
DA:353,1
DA:354,1
DA:355,1
DA:356,1
DA:357,1
DA:358,1
DA:359,1
DA:360,1
DA:361,1
DA:362,1
DA:363,0
DA:364,0
DA:365,0
DA:366,0
DA:367,0
DA:368,0
DA:369,0
DA:370,0
DA:371,1
DA:372,1
DA:373,1
DA:374,1
DA:375,1
DA:376,1
DA:377,1
DA:378,1
DA:379,1
DA:380,1
DA:381,1
DA:382,1
DA:383,1
DA:384,1
DA:385,1
DA:386,1
DA:387,1
DA:388,1
DA:389,1
DA:390,1
DA:391,1
DA:392,1
DA:393,1
DA:394,1
DA:395,1
DA:396,1
DA:397,1
DA:398,1
DA:399,1
DA:400,1
DA:401,1
DA:402,1
DA:403,1
DA:404,1
DA:405,1
DA:406,1
DA:407,1
DA:408,1
DA:409,1
LF:409
LH:391
BRDA:86,0,0,2
BRDA:87,1,0,1
BRDA:97,2,0,1
BRDA:106,3,0,1
BRDA:110,4,0,1
BRDA:114,5,0,1
BRDA:118,6,0,1
BRDA:122,7,0,1
BRDA:126,8,0,1
BRDA:128,9,0,1
BRDA:132,10,0,3
BRDA:136,11,0,2
BRDA:140,12,0,1
BRDA:144,13,0,1
BRDA:146,14,0,1
BRDA:157,15,0,1
BRDA:159,16,0,1
BRDA:171,17,0,1
BRDA:172,18,0,1
BRDA:173,19,0,1
BRDA:174,20,0,9
BRDA:175,21,0,1
BRDA:176,22,0,1
BRDA:177,23,0,2
BRDA:178,24,0,1
BRDA:179,25,0,1
BRDA:180,26,0,2
BRDA:181,27,0,1
BRDA:182,28,0,2
BRDA:183,29,0,3
BRDA:184,30,0,2
BRDA:186,31,0,2
BRDA:189,32,0,1
BRDA:192,33,0,1
BRDA:196,34,0,1
BRDA:200,35,0,1
BRDA:203,36,0,1
BRDA:206,37,0,1
BRDA:211,38,0,1
BRDA:215,39,0,1
BRDA:219,40,0,1
BRDA:225,41,0,1
BRDA:229,42,0,1
BRDA:233,43,0,1
BRDA:239,44,0,1
BRDA:243,45,0,1
BRDA:248,46,0,1
BRDA:255,47,0,1
BRDA:258,48,0,1
BRDA:261,49,0,1
BRDA:268,50,0,1
BRDA:271,51,0,1
BRDA:274,52,0,1
BRDA:279,53,0,1
BRDA:282,54,0,1
BRDA:288,55,0,1
BRDA:298,56,0,1
BRDA:302,57,0,1
BRDA:306,58,0,1
BRF:59
BRH:59
end_of_record
TN:
SF:src\utils\burger-api.ts
FN:7,checkResponse
FN:22,refreshToken
FN:43,fetchWithRefresh
FN:81,getIngredientsApi
FN:90,getFeedsApi
FN:99,getOrdersApi
FN:117,orderBurgerApi
FN:137,getOrderByNumberApi
FN:158,registerUserApi
FN:178,loginUserApi
FN:193,forgotPasswordApi
FN:208,resetPasswordApi
FN:225,getUserApi
FN:233,updateUserApi
FN:244,logoutApi
FNF:15
FNH:15
FNDA:22,checkResponse
FNDA:2,refreshToken
FNDA:6,fetchWithRefresh
FNDA:2,getIngredientsApi
FNDA:2,getFeedsApi
FNDA:2,getOrdersApi
FNDA:2,orderBurgerApi
FNDA:1,getOrderByNumberApi
FNDA:2,registerUserApi
FNDA:2,loginUserApi
FNDA:2,forgotPasswordApi
FNDA:2,resetPasswordApi
FNDA:1,getUserApi
FNDA:1,updateUserApi
FNDA:1,logoutApi
DA:1,1
DA:2,1
DA:3,1
DA:4,1
DA:5,1
DA:6,1
DA:7,1
DA:8,22
DA:9,1
DA:10,1
DA:11,1
DA:12,1
DA:13,1
DA:14,1
DA:15,1
DA:16,1
DA:17,1
DA:18,1
DA:19,1
DA:20,1
DA:21,1
DA:22,1
DA:23,2
DA:24,2
DA:25,2
DA:26,2
DA:27,2
DA:28,2
DA:29,2
DA:30,2
DA:31,2
DA:32,2
DA:33,2
DA:34,1
DA:35,0
DA:36,0
DA:37,1
DA:38,1
DA:39,1
DA:40,2
DA:41,1
DA:42,1
DA:43,1
DA:44,6
DA:45,6
DA:46,6
DA:47,6
DA:48,6
DA:49,6
DA:50,6
DA:51,6
DA:52,6
DA:53,6
DA:54,6
DA:55,6
DA:56,6
DA:57,6
DA:58,6
DA:59,6
DA:60,6
DA:61,6
DA:62,6
DA:63,6
DA:64,1
DA:65,1
DA:66,1
DA:67,1
DA:68,1
DA:69,1
DA:70,1
DA:71,1
DA:72,1
DA:73,1
DA:74,1
DA:75,1
DA:76,1
DA:77,1
DA:78,1
DA:79,1
DA:80,1
DA:81,1
DA:82,2
DA:83,2
DA:84,2
DA:85,2
DA:86,1
DA:87,2
DA:88,1
DA:89,1
DA:90,1
DA:91,2
DA:92,2
DA:93,2
DA:94,2
DA:95,1
DA:96,2
DA:97,1
DA:98,1
DA:99,1
DA:100,2
DA:101,2
DA:102,2
DA:103,2
DA:104,2
DA:105,2
DA:106,2
DA:107,2
DA:108,1
DA:109,2
DA:110,1
DA:111,1
DA:112,1
DA:113,1
DA:114,1
DA:115,1
DA:116,1
DA:117,1
DA:118,2
DA:119,2
DA:120,2
DA:121,2
DA:122,2
DA:123,2
DA:124,2
DA:125,2
DA:126,2
DA:127,2
DA:128,2
DA:129,1
DA:130,2
DA:131,1
DA:132,1
DA:133,1
DA:134,1
DA:135,1
DA:136,1
DA:137,1
DA:138,1
DA:139,1
DA:140,1
DA:141,1
DA:142,1
DA:143,1
DA:144,1
DA:145,1
DA:146,1
DA:147,1
DA:148,1
DA:149,1
DA:150,1
DA:151,1
DA:152,1
DA:153,1
DA:154,1
DA:155,1
DA:156,1
DA:157,1
DA:158,1
DA:159,2
DA:160,2
DA:161,2
DA:162,2
DA:163,2
DA:164,2
DA:165,2
DA:166,2
DA:167,2
DA:168,2
DA:169,1
DA:170,2
DA:171,1
DA:172,1
DA:173,1
DA:174,1
DA:175,1
DA:176,1
DA:177,1
DA:178,1
DA:179,2
DA:180,2
DA:181,2
DA:182,2
DA:183,2
DA:184,2
DA:185,2
DA:186,2
DA:187,2
DA:188,2
DA:189,1
DA:190,2
DA:191,1
DA:192,1
DA:193,1
DA:194,2
DA:195,2
DA:196,2
DA:197,2
DA:198,2
DA:199,2
DA:200,2
DA:201,2
DA:202,2
DA:203,2
DA:204,1
DA:205,2
DA:206,1
DA:207,1
DA:208,1
DA:209,2
DA:210,2
DA:211,2
DA:212,2
DA:213,2
DA:214,2
DA:215,2
DA:216,2
DA:217,2
DA:218,2
DA:219,1
DA:220,2
DA:221,1
DA:222,1
DA:223,1
DA:224,1
DA:225,1
DA:226,1
DA:227,1
DA:228,1
DA:229,1
DA:230,1
DA:231,1
DA:232,1
DA:233,1
DA:234,1
DA:235,1
DA:236,1
DA:237,1
DA:238,1
DA:239,1
DA:240,1
DA:241,1
DA:242,1
DA:243,1
DA:244,1
DA:245,1
DA:246,1
DA:247,1
DA:248,1
DA:249,1
DA:250,1
DA:251,1
DA:252,1
DA:253,1
LF:253
LH:251
BRDA:7,0,0,22
BRDA:8,1,0,21
BRDA:8,2,0,1
BRDA:8,3,0,1
BRDA:22,4,0,2
BRDA:32,5,0,2
BRDA:33,6,0,1
BRDA:34,7,0,0
BRDA:43,8,0,6
BRDA:46,9,0,6
BRDA:49,10,0,6
BRDA:58,11,0,0
BRDA:60,12,0,0
BRDA:81,13,0,2
BRDA:83,14,0,2
BRDA:84,15,0,2
BRDA:85,16,0,0
BRDA:85,17,0,1
BRDA:90,18,0,2
BRDA:92,19,0,2
BRDA:93,20,0,2
BRDA:94,21,0,0
BRDA:94,22,0,1
BRDA:99,23,0,2
BRDA:106,24,0,2
BRDA:107,25,0,0
BRDA:107,26,0,1
BRDA:117,27,0,2
BRDA:127,28,0,2
BRDA:128,29,0,0
BRDA:128,30,0,1
BRDA:137,31,0,1
BRDA:143,32,0,1
BRDA:158,33,0,2
BRDA:166,34,0,2
BRDA:167,35,0,2
BRDA:168,36,0,0
BRDA:168,37,0,1
BRDA:178,38,0,2
BRDA:186,39,0,2
BRDA:187,40,0,2
BRDA:188,41,0,0
BRDA:188,42,0,1
BRDA:193,43,0,2
BRDA:201,44,0,2
BRDA:202,45,0,2
BRDA:203,46,0,0
BRDA:203,47,0,1
BRDA:208,48,0,2
BRDA:216,49,0,2
BRDA:217,50,0,2
BRDA:218,51,0,0
BRDA:218,52,0,1
BRDA:225,53,0,1
BRDA:233,54,0,1
BRDA:244,55,0,1
BRDA:253,56,0,1
BRF:57
BRH:46
end_of_record
TN:
SF:src\utils\cookie.ts
FN:1,getCookie
FN:13,setCookie
FN:45,deleteCookie
FNF:3
FNH:2
FNDA:6,getCookie
FNDA:1,setCookie
FNDA:0,deleteCookie
DA:1,6
DA:2,6
DA:3,6
DA:4,6
DA:5,6
DA:6,6
DA:7,6
DA:8,6
DA:9,6
DA:10,6
DA:11,6
DA:12,1
DA:13,1
DA:14,1
DA:15,1
DA:16,1
DA:17,1
DA:18,1
DA:19,1
DA:20,1
DA:21,1
DA:22,1
DA:23,1
DA:24,1
DA:25,0
DA:26,0
DA:27,0
DA:28,0
DA:29,1
DA:30,1
DA:31,0
DA:32,0
DA:33,1
DA:34,1
DA:35,1
DA:36,1
DA:37,1
DA:38,1
DA:39,1
DA:40,1
DA:41,1
DA:42,1
DA:43,1
DA:44,1
DA:45,0
DA:46,0
DA:47,0
LF:47
LH:38
BRDA:1,0,0,6
BRDA:10,1,0,0
BRDA:13,2,0,1
BRDA:24,3,0,0
BRDA:24,4,0,0
BRDA:30,5,0,0
BRDA:30,6,0,0
BRF:7
BRH:2
end_of_record
